5 7 8 2 5 3 2 2 2 5 8 8 5 2 7 5 2 5 2 2 5 2 2 3 2 
5 7 2 8 5 5 2 8 8 8 7 3 2 5 5 7 5 5 2 5 5 5 5 8 5 
2 7 8 5 5 7 7 6 3 5 7 5 5 5 5 8 5 7 3 8 7 2 7 5 2 
3 5 5 7 7 5 5 2 8 8 5 7 5 8 2 5 5 5 8 5 5 7 8 0 5 
6 7 5 5 2 5 7 2 2 7 2 5 5 5 2 0 8 2 8 5 2 0 6 7 3 
5 2 7 5 8 7 2 5 3 2 2 7 5 7 7 2 5 7 5 5 3 8 5 2 7 
2 2 8 3 5 2 5 5 5 2 5 3 5 3 5 5 2 7 5 5 2 8 5 2 2 
2 3 5 5 5 2 5 5 2 7 5 7 5 7 2 3 2 7 2 2 5 7 5 5 7 
5 2 2 8 2 2 5 5 5 5 5 8 5 7 8 3 5 2 2 5 2 7 3 7 8 
5 5 5 7 6 2 5 5 8 2 5 5 5 5 5 7 5 5 2 5 5 7 6 7 3 
5 7 7 3 5 6 5 7 3 5 2 0 5 2 8 3 5 5 5 3 7 8 2 5 2 
5 5 7 5 2 2 6 7 5 5 5 6 7 7 6 5 8 2 2 7 2 3 2 8 5 
5 7 2 5 2 5 3 2 5 6 8 8 8 7 2 8 8 2 2 6 2 6 7 5 7 
5 2 7 3 8 5 7 8 8 7 5 2 5 5 7 5 5 5 5 5 5 8 2 5 2 
2 2 7 2 3 2 6 5 7 7 7 6 3 2 5 7 2 2 2 8 7 5 7 3 5 
5 8 5 5 3 8 2 5 5 2 5 2 3 5 6 6 5 8 5 7 7 5 2 5 3 
5 8 7 7 7 2 2 5 7 5 5 7 5 5 3 7 5 5 2 8 5 5 2 8 2 
2 8 7 2 7 2 5 5 2 5 5 5 3 8 5 2 2 5 5 5 5 5 2 5 5 
5 5 2 5 5 5 6 5 2 4 3 7 2 3 2 3 5 8 3 5 2 2 2 7 3 
2 5 5 2 5 8 5 5 5 2 5 3 2 2 7 5 3 7 5 7 2 2 7 5 5 
8 5 7 3 8 2 8 2 5 5 2 5 5 5 5 2 7 7 7 7 5 2 2 2 5 
7 3 2 5 5 5 5 2 5 5 5 2 5 7 5 5 2 2 5 5 7 8 2 5 2 
5 2 7 5 2 6 2 5 2 5 7 2 7 2 5 2 8 2 5 2 2 5 5 2 7 
5 5 3 2 7 2 5 5 7 8 7 5 5 5 7 5 8 5 7 5 7 0 5 5 5 
2 5 2 5 5 5 7 0 5 8 8 7 6 2 5 5 6 8 7 5 7 2 5 5 5 
