5 2 2 7 7 7 2 5 7 2 6 5 2 5 7 2 8 2 5 5 5 5 2 0 5 
7 7 6 2 7 2 3 8 8 5 5 3 7 2 6 7 2 7 2 2 2 2 3 5 7 
5 2 7 5 3 2 2 5 2 7 7 5 7 5 0 5 5 8 5 5 4 2 5 7 2 
3 2 5 2 0 2 2 8 2 2 2 8 5 2 2 5 5 5 5 6 5 8 5 2 3 
7 5 2 3 7 2 8 7 2 5 5 2 5 7 5 7 7 5 5 7 7 5 2 2 5 
2 5 3 5 7 2 7 6 5 7 3 5 5 8 2 2 5 5 5 6 2 2 5 7 5 
2 2 7 7 2 7 3 2 5 2 5 7 2 2 7 5 2 5 5 5 8 2 5 7 5 
3 3 5 6 5 5 5 3 4 2 5 5 0 5 5 2 2 7 5 3 5 2 7 2 5 
5 5 2 5 5 2 7 0 8 5 5 7 3 3 2 2 2 2 6 7 2 3 7 2 2 
5 5 7 7 5 5 2 5 2 5 7 7 5 2 5 5 5 3 2 5 5 5 2 8 2 
2 7 5 5 5 2 3 2 7 5 3 5 7 2 2 5 7 0 5 7 7 0 7 5 2 
5 2 6 5 5 2 8 2 2 4 5 5 7 5 7 5 5 7 2 5 2 5 5 5 3 
2 7 5 3 5 7 2 2 5 2 5 2 7 2 2 2 7 4 7 2 2 2 5 2 5 
7 7 6 7 5 5 0 5 2 5 7 7 3 2 2 5 7 2 5 5 7 2 5 2 5 
5 5 2 2 5 4 2 5 5 7 5 8 3 5 2 5 5 7 2 8 2 5 7 2 5 
7 3 2 8 2 7 2 5 7 5 5 7 2 5 7 5 8 2 5 5 2 2 7 2 8 
2 5 8 5 0 5 7 7 7 5 4 2 2 2 7 8 5 2 5 2 7 6 2 5 7 
6 2 5 7 5 2 7 7 2 8 2 2 5 7 3 5 7 2 7 6 2 5 2 2 2 
2 7 5 5 2 5 2 7 3 5 2 2 5 5 2 7 4 5 7 5 6 5 7 5 2 
2 2 2 2 5 4 2 2 2 2 5 5 2 5 5 3 5 7 7 5 7 7 5 7 5 
2 7 2 5 5 5 6 3 3 2 2 5 5 6 5 2 7 5 3 7 2 7 7 5 3 
2 5 7 5 3 7 7 2 7 5 5 5 2 7 7 5 5 8 2 2 3 4 7 0 5 
5 5 2 3 3 5 5 5 6 5 5 8 3 2 5 2 2 2 2 5 2 2 2 2 5 
5 2 5 5 3 2 2 7 2 2 5 5 3 5 5 5 7 7 2 5 5 8 5 2 2 
6 2 7 2 7 5 5 5 7 5 5 5 7 5 2 5 5 5 7 5 5 7 3 7 5 
