1 1 1 1 1 1 1 1 1 1 1 1 1 5 1 1 1 5 1 1 1 1 1 1 1 
1 1 1 1 1 1 1 1 1 1 1 1 6 1 0 1 1 1 1 4 1 1 1 1 1 
1 1 1 1 1 1 8 1 1 1 1 1 1 1 1 1 1 1 1 1 1 1 1 1 1 
1 1 1 1 1 1 1 1 1 1 1 4 1 1 1 1 1 4 1 1 1 5 1 1 1 
1 1 1 1 1 1 1 1 1 1 1 1 5 1 8 1 1 1 1 1 1 6 1 1 1 
5 1 4 1 1 4 1 1 1 1 1 1 1 1 1 1 1 1 1 1 1 1 1 1 5 
1 1 1 1 1 1 1 1 1 1 1 1 8 1 1 1 1 1 1 1 1 1 1 1 1 
1 1 1 1 1 1 1 1 1 1 5 1 4 5 1 1 1 1 1 1 1 4 1 1 1 
1 1 1 1 1 5 1 1 1 1 8 1 1 1 1 1 1 1 1 1 1 1 1 1 1 
1 1 1 8 1 1 1 1 5 5 1 1 1 4 1 1 1 1 1 1 1 1 1 1 1 
6 1 5 1 1 1 1 1 1 1 1 1 1 1 1 1 1 1 1 1 1 1 1 1 1 
1 1 1 1 1 1 1 1 4 1 1 1 4 1 4 1 1 1 1 1 1 8 1 1 1 
1 6 1 1 1 1 0 1 1 1 1 1 1 1 1 1 1 1 1 1 1 1 1 1 1 
1 8 1 1 1 1 1 1 1 0 1 0 1 1 1 1 1 1 1 1 1 1 4 1 1 
1 1 1 1 1 1 0 1 4 1 1 5 1 1 1 8 4 5 5 1 4 5 1 1 1 
1 1 1 1 1 1 1 8 1 1 1 1 1 1 1 1 4 1 1 1 1 8 1 1 1 
1 1 1 1 1 8 1 1 1 1 1 1 1 1 1 1 1 1 1 1 1 1 1 1 1 
1 1 1 1 1 1 1 1 1 1 1 1 1 5 1 1 1 1 1 1 1 1 1 1 1 
1 1 1 1 1 1 1 1 1 1 4 1 1 8 1 1 1 1 1 1 1 1 1 1 1 
1 1 1 1 1 1 4 1 1 1 1 8 4 5 1 5 1 1 1 1 1 1 1 1 8 
1 1 4 1 1 1 1 1 1 1 1 1 1 1 1 1 1 1 1 4 1 1 1 1 5 
8 1 1 1 1 1 1 1 1 1 1 1 1 1 1 1 1 1 1 6 1 4 1 1 1 
1 1 1 1 1 1 1 1 1 1 6 1 1 1 1 1 1 1 1 5 1 1 1 5 1 
1 1 1 1 1 1 1 1 1 1 1 1 1 1 1 1 1 1 1 1 1 1 1 1 1 
1 8 1 5 5 8 1 1 1 1 1 1 1 1 1 1 1 4 1 1 1 1 1 1 1 
