4 4 4 4 4 4 6 5 5 5 4 4 4 4 4 4 0 4 7 4 4 5 4 0 4 
4 4 4 4 4 4 4 4 6 4 6 6 4 4 6 7 4 4 4 4 4 5 4 6 4 
6 4 6 4 4 4 0 6 4 4 6 4 7 4 7 4 6 6 4 4 4 4 4 4 4 
4 4 4 4 5 4 4 4 4 4 4 4 5 4 6 6 4 4 7 4 7 4 6 4 4 
4 6 6 0 4 5 4 4 4 7 4 4 7 4 4 6 4 4 6 7 6 6 5 4 4 
4 4 4 6 6 4 4 7 4 4 0 4 4 6 4 7 4 4 4 7 5 4 4 4 4 
4 4 4 4 4 4 6 4 7 5 4 4 7 4 6 7 4 6 4 4 6 4 4 7 4 
4 4 5 6 5 6 4 4 6 4 4 7 4 4 6 4 4 4 4 4 4 4 4 7 4 
4 6 4 7 7 5 4 7 4 4 4 4 4 4 4 6 4 6 4 5 4 5 5 4 6 
4 6 6 4 4 4 5 4 4 4 7 4 6 4 4 6 6 4 5 6 5 4 4 5 4 
4 4 4 6 4 6 4 7 4 4 4 6 4 4 4 6 4 4 4 6 0 4 4 5 4 
7 4 4 4 4 4 4 6 6 4 4 5 4 4 6 4 5 4 4 5 6 5 4 4 7 
4 6 4 6 4 4 4 4 5 6 6 4 5 4 4 5 4 5 5 4 4 6 7 6 4 
5 4 6 6 5 4 5 4 4 5 4 4 4 4 5 4 0 4 6 4 4 6 4 4 4 
4 4 6 4 4 4 4 4 6 4 4 4 5 4 7 5 6 4 4 4 6 5 4 5 6 
4 4 5 4 4 7 4 4 4 7 0 4 6 6 4 7 4 4 4 4 4 4 4 6 6 
4 4 4 6 4 0 4 6 4 5 6 4 6 6 6 4 4 4 4 4 4 4 7 4 7 
0 4 4 6 6 4 4 4 4 4 4 6 6 6 4 4 4 4 7 4 5 4 4 6 4 
4 4 6 6 4 4 4 5 6 4 4 4 5 5 6 4 6 4 4 4 5 4 4 4 4 
4 7 4 4 6 4 4 4 4 4 4 4 4 5 6 5 6 4 4 4 5 4 4 6 5 
4 4 6 4 7 4 4 5 4 4 4 6 0 4 4 6 6 4 7 4 7 4 4 4 4 
4 4 6 6 6 4 7 5 4 4 4 4 4 4 4 4 0 4 5 6 5 4 4 6 6 
5 6 6 6 4 7 4 4 4 4 6 5 4 6 5 4 6 4 6 4 7 5 7 4 4 
6 4 4 4 4 5 6 4 4 4 4 4 4 5 4 4 7 6 4 4 4 4 7 4 4 
4 0 7 4 6 4 4 4 4 5 4 4 5 6 5 0 4 4 4 6 6 4 4 4 4 
