2 1 1 1 1 8 7 3 1 8 2 2 1 0 1 1 1 1 2 7 2 5 8 7 0 
1 1 1 1 1 7 1 8 1 1 7 8 2 7 1 1 1 7 1 1 3 5 2 3 1 
1 3 2 2 1 1 1 5 1 1 1 1 1 1 1 1 1 1 1 1 8 8 2 3 8 
7 7 2 1 1 1 3 8 5 1 1 1 1 1 1 1 1 1 2 1 2 2 1 7 2 
1 1 1 1 1 1 2 5 5 7 1 1 7 1 1 1 1 1 1 2 8 1 1 5 3 
1 1 1 1 1 2 1 1 8 1 1 2 1 3 2 7 8 1 1 2 1 1 1 8 8 
1 1 1 1 1 5 1 1 1 2 2 1 2 5 7 1 1 1 8 7 1 1 1 2 8 
5 7 1 7 1 1 2 7 1 1 1 1 7 1 1 1 1 1 5 1 7 1 1 8 7 
3 7 7 1 2 1 7 2 7 1 1 1 1 1 1 1 1 1 2 1 1 8 1 1 2 
2 2 7 1 1 1 1 1 2 8 1 0 1 1 1 1 7 7 1 1 1 1 1 5 7 
1 3 5 1 1 1 1 1 1 1 1 1 1 1 2 7 8 1 7 1 1 1 1 1 8 
1 1 1 1 1 1 1 1 1 1 2 1 1 1 1 1 1 1 2 1 8 2 2 1 1 
5 1 1 1 1 1 1 1 0 1 7 1 1 0 1 1 1 1 8 1 7 2 1 1 7 
1 1 8 1 1 1 1 2 2 2 1 1 1 1 1 1 1 1 1 1 2 1 1 1 1 
7 7 7 1 1 1 2 1 1 5 1 1 2 1 2 7 2 2 5 1 1 1 1 1 2 
2 3 5 1 1 7 1 1 3 1 1 1 2 2 1 1 1 1 1 3 2 1 1 8 3 
2 7 7 7 1 5 8 1 3 7 1 2 2 7 1 7 1 1 7 1 1 1 0 1 1 
1 7 7 2 2 2 2 1 7 0 1 1 1 1 7 1 1 1 0 2 1 1 8 1 2 
1 8 7 2 1 1 8 7 5 7 8 1 1 1 8 5 1 2 1 1 1 1 1 1 2 
1 1 1 1 1 5 8 5 5 8 8 2 8 5 1 1 1 1 1 5 1 7 1 1 2 
1 8 5 1 1 3 7 7 8 7 8 8 2 1 1 1 1 1 1 1 0 2 2 1 1 
1 1 1 1 1 5 0 1 1 1 2 2 2 7 1 1 1 1 1 1 2 8 7 1 1 
2 2 2 2 1 2 2 3 7 7 7 7 2 8 1 1 7 5 1 7 7 1 1 1 1 
1 2 7 5 2 1 1 7 3 2 3 1 2 3 1 1 1 1 8 8 2 1 7 1 1 
1 1 1 8 2 5 8 8 7 1 1 1 7 8 1 1 1 1 5 7 3 5 3 8 7 
