2 5 5 5 5 2 5 2 8 2 5 5 5 5 8 8 8 8 8 5 5 5 3 8 5 
8 5 3 5 5 5 5 5 8 5 2 0 5 2 2 5 8 8 0 5 5 5 5 5 5 
2 2 5 5 5 8 8 8 2 5 3 5 5 5 2 5 5 5 0 5 5 8 8 5 5 
5 5 5 5 5 5 5 2 5 5 5 5 2 8 5 5 5 5 5 8 5 2 5 5 8 
8 5 5 5 5 2 8 5 5 5 2 2 5 0 5 5 0 5 5 5 5 5 8 5 2 
8 5 8 5 5 5 5 2 2 5 2 5 5 8 5 5 2 5 8 5 8 5 8 0 5 
5 2 8 5 8 2 8 5 8 2 2 8 5 5 5 8 8 8 5 5 5 5 5 5 8 
5 5 5 2 2 5 8 5 5 5 5 8 2 2 2 8 5 2 5 5 5 5 8 8 5 
5 8 8 5 5 8 5 5 2 2 2 8 5 2 5 5 8 5 2 5 5 2 5 2 2 
8 8 5 5 5 5 8 8 5 5 8 8 0 5 8 5 8 2 5 8 5 5 5 5 5 
5 8 8 2 5 2 5 5 5 5 2 5 5 5 2 8 5 5 5 8 5 5 5 2 5 
5 5 5 5 2 0 5 5 5 8 0 5 5 5 5 8 2 8 2 8 5 2 8 2 3 
8 5 8 2 5 2 5 8 5 5 8 8 2 3 2 5 5 5 5 2 5 5 5 5 5 
0 0 8 5 5 5 8 5 5 5 2 5 5 8 5 2 5 5 2 5 8 2 5 8 5 
0 8 5 5 5 8 8 5 5 8 2 2 8 5 2 2 5 5 5 8 5 5 2 5 5 
5 5 5 2 8 5 8 5 8 5 5 5 2 5 5 5 2 2 5 5 2 8 5 8 5 
5 5 5 5 5 5 8 8 5 2 5 5 5 5 5 5 5 5 8 2 8 5 5 5 8 
2 2 2 5 5 2 5 8 5 8 5 5 8 2 5 5 5 5 5 8 8 5 2 5 8 
8 5 8 5 2 5 2 5 5 8 5 5 5 5 8 5 5 5 2 8 8 8 5 8 5 
2 8 2 5 5 5 3 0 8 2 0 8 5 8 5 8 5 5 5 8 5 5 8 5 2 
2 5 2 5 2 8 5 5 5 8 2 5 5 8 8 2 8 5 5 2 5 2 5 5 8 
5 8 8 5 5 5 2 5 2 8 5 8 8 2 5 5 8 5 8 5 5 8 5 5 5 
5 5 2 8 8 5 5 5 5 5 5 5 5 5 5 5 2 5 5 8 8 5 5 2 5 
5 8 5 2 2 5 2 5 5 5 5 2 5 8 5 8 5 2 5 5 5 5 5 5 8 
5 5 5 2 2 2 5 5 5 2 5 5 5 5 5 5 8 8 5 5 5 8 2 5 5 
