1 1 3 1 1 3 1 3 1 3 1 3 6 6 5 6 1 6 5 5 
1 1 1 6 1 1 1 3 1 1 1 1 1 6 6 1 1 3 1 1 
1 1 1 1 1 1 1 3 1 1 1 1 1 7 3 3 6 6 1 1 
1 1 1 1 1 1 1 1 1 1 1 5 5 3 5 1 6 1 1 6 
6 1 3 1 1 1 1 1 1 6 1 6 3 6 1 1 1 1 6 1 
1 1 1 1 1 1 1 1 3 1 3 1 1 6 1 1 1 1 1 1 
1 1 1 1 3 1 1 1 1 1 1 3 1 6 6 1 1 1 1 1 
1 3 1 1 1 1 1 3 1 6 1 6 1 1 1 3 5 1 1 1 
1 1 1 1 1 1 5 6 1 1 1 1 5 1 1 1 1 1 1 3 
1 1 1 1 1 1 1 3 1 6 6 3 6 5 1 6 6 1 5 7 
1 5 1 1 6 1 1 5 3 3 1 1 1 1 1 1 3 1 1 1 
1 3 1 1 3 1 6 1 1 1 5 1 1 1 1 1 1 1 3 6 
3 6 1 1 1 3 1 1 1 5 5 1 1 6 6 1 1 3 1 3 
6 0 1 1 1 6 1 1 5 1 1 1 5 1 1 1 1 1 5 3 
5 1 1 1 1 1 1 1 1 1 3 6 1 1 1 1 1 1 3 1 
1 1 0 1 1 6 1 1 1 5 5 1 1 1 1 1 1 1 1 1 
1 1 3 6 1 1 1 1 1 6 6 1 1 1 6 1 1 1 1 1 
1 1 1 1 1 1 1 3 1 5 5 1 1 1 1 1 5 1 3 1 
1 1 5 1 1 1 1 1 1 1 1 1 1 1 1 1 1 1 1 1 
1 1 1 1 1 1 1 1 1 5 6 1 1 5 1 1 3 5 6 3 
