1 1 1 1 4 6 7 6 6 7 5 1 4 4 1 1 1 1 1 1 1 6 8 4 1 
8 5 6 4 6 5 6 6 5 5 6 1 5 4 1 1 1 1 7 8 1 1 6 8 5 
8 7 8 5 5 4 5 4 1 1 6 1 7 5 6 7 1 1 8 6 2 8 4 5 7 
5 6 4 0 7 5 7 1 7 1 5 8 4 5 8 5 1 8 2 5 7 7 5 5 4 
5 8 4 6 4 8 1 1 8 5 1 1 1 4 5 7 6 8 6 4 0 7 5 6 5 
8 6 7 5 1 6 6 1 6 1 4 1 1 5 1 4 6 5 7 6 5 8 6 5 2 
5 8 8 1 1 1 1 1 1 1 0 1 1 7 1 1 4 8 5 5 5 6 5 5 5 
8 8 5 1 1 5 8 4 0 4 1 0 1 8 1 8 6 6 4 4 8 7 4 6 7 
7 5 1 1 5 5 4 5 8 1 1 1 5 1 1 5 8 1 8 8 1 1 7 8 7 
6 7 0 8 4 1 1 1 6 7 1 7 5 4 4 1 6 5 8 5 1 6 8 6 7 
4 1 1 4 1 1 1 6 1 1 1 1 4 8 7 1 8 7 0 1 1 6 7 6 5 
1 1 4 6 1 4 5 1 1 1 1 1 5 5 6 1 1 1 1 1 1 1 1 1 1 
4 1 1 6 5 1 4 1 1 1 1 6 5 4 7 5 8 8 7 7 5 1 1 6 1 
8 6 6 4 5 1 8 1 1 5 5 1 1 5 4 5 5 8 5 1 1 5 6 1 4 
6 5 6 8 4 5 5 1 1 1 1 6 1 7 7 6 6 7 5 7 7 6 5 6 1 
8 5 4 5 7 8 4 0 7 4 6 7 7 4 6 4 1 1 1 5 8 5 7 4 7 
1 2 4 7 8 4 1 1 1 1 1 5 7 8 5 7 7 5 7 5 5 6 7 6 7 
1 5 6 5 5 8 8 1 6 6 1 8 8 5 8 6 5 8 6 6 5 5 4 5 6 
1 1 6 5 6 1 1 1 1 1 8 6 4 1 7 1 5 6 4 7 2 4 5 7 1 
1 4 4 8 1 1 2 5 1 8 1 1 1 1 6 1 4 6 7 6 5 3 5 6 1 
1 6 8 7 5 7 5 8 1 7 4 1 1 1 1 1 1 1 1 4 8 5 6 7 7 
1 1 6 6 6 8 5 8 1 8 8 6 8 4 1 1 4 4 5 5 5 5 4 5 1 
1 1 1 6 8 4 5 7 1 1 8 1 1 1 7 5 7 6 4 5 5 6 6 6 1 
0 4 1 1 8 5 6 5 1 6 1 1 1 1 1 1 1 5 5 4 4 6 6 4 1 
1 1 8 1 6 8 6 1 4 4 4 1 6 8 1 1 1 1 1 8 7 1 6 7 1 
