4 6 8 4 8 6 6 6 8 6 8 8 4 4 6 4 8 4 6 8 8 8 3 4 4 
8 8 8 3 8 4 8 3 6 4 8 3 3 4 8 8 8 4 8 4 6 4 8 4 8 
8 4 8 6 6 4 4 8 8 8 4 4 8 4 4 8 8 8 4 8 8 6 6 4 4 
8 3 4 4 6 4 8 8 4 4 6 3 4 6 4 8 8 6 8 8 8 4 8 8 3 
8 8 0 6 8 4 8 8 8 4 6 4 4 8 8 6 8 4 8 6 6 4 8 8 8 
6 6 8 8 3 8 4 4 8 4 6 6 8 8 8 4 6 8 8 8 8 4 6 4 6 
4 4 8 8 8 8 3 8 4 8 4 4 3 8 4 8 8 4 4 8 6 4 8 8 8 
8 6 4 0 4 8 4 8 4 4 3 4 4 8 4 8 4 4 4 8 8 8 3 4 6 
8 6 6 8 6 4 8 8 4 8 8 3 8 8 6 8 3 6 4 6 4 4 8 6 6 
8 8 3 8 8 8 8 4 6 6 3 8 8 8 6 8 8 4 8 8 8 8 4 4 4 
4 8 4 3 4 8 8 4 4 8 6 8 8 8 8 8 8 8 6 4 4 3 8 4 8 
4 4 3 8 6 8 3 4 3 6 6 8 6 8 8 4 6 6 8 8 8 8 8 8 4 
8 8 4 6 3 8 3 4 4 4 3 8 4 6 6 4 4 3 8 3 8 3 8 4 6 
4 6 6 4 8 8 8 8 4 8 8 8 0 4 4 4 8 4 8 4 4 8 4 8 8 
8 4 8 3 4 8 8 6 6 4 8 4 8 8 4 4 4 8 8 4 3 4 6 4 8 
4 8 8 6 3 0 4 8 8 4 8 8 3 8 8 4 8 4 4 4 8 3 8 4 8 
8 6 6 8 8 8 6 4 4 8 8 4 8 4 4 8 6 8 8 4 4 6 6 8 8 
6 8 4 4 4 4 8 6 8 3 6 8 6 8 6 8 4 6 8 6 8 8 4 4 8 
8 3 4 3 4 4 6 6 8 4 8 4 8 3 3 8 6 8 4 6 6 0 8 8 0 
4 6 8 6 8 4 8 4 4 8 8 8 3 4 6 4 8 6 8 8 4 8 8 6 4 
8 6 8 4 4 8 4 8 8 6 8 6 8 8 8 8 4 6 4 4 8 6 4 8 8 
4 4 8 8 0 8 4 8 8 6 0 3 4 8 6 4 8 6 6 8 3 8 4 8 8 
4 3 8 6 0 6 3 6 4 8 4 4 8 6 4 8 6 8 4 6 8 8 4 4 4 
8 4 8 4 6 4 6 8 8 8 6 8 4 4 8 8 4 8 4 8 8 4 8 6 4 
8 8 4 4 4 0 8 3 4 8 8 6 4 8 6 8 8 8 8 8 4 4 4 4 8 
