1 4 7 4 6 4 4 6 4 6 8 4 4 6 1 6 1 4 4 1 
1 4 4 4 1 1 1 1 4 1 1 1 1 2 1 1 2 4 1 1 
4 8 6 4 4 1 1 1 1 8 1 1 1 4 1 4 8 4 1 4 
1 7 2 4 4 1 1 1 1 4 0 6 4 1 1 4 4 1 1 8 
1 2 4 1 4 7 1 4 1 1 1 4 1 8 8 4 8 1 7 8 
1 4 4 1 6 1 1 1 4 1 1 1 1 1 1 8 4 1 4 8 
4 4 6 1 1 1 1 8 8 1 1 1 1 8 1 0 8 6 4 7 
1 6 4 4 4 1 1 1 1 1 1 1 1 7 7 1 1 1 8 6 
1 1 1 8 1 1 1 8 1 1 4 4 4 4 4 7 1 1 1 7 
8 1 1 1 1 8 4 8 1 1 4 4 4 6 8 6 8 1 1 1 
8 6 1 4 2 4 8 4 8 1 8 4 4 8 6 8 1 1 1 1 
1 4 8 8 4 4 4 1 1 8 1 1 6 4 1 1 4 1 1 1 
1 1 0 1 1 1 4 1 1 1 8 6 4 1 6 0 1 1 1 1 
8 8 4 4 1 4 8 4 1 1 1 4 4 4 6 4 1 8 1 4 
6 4 8 8 4 1 6 7 8 1 1 4 4 8 1 8 1 1 1 6 
1 4 6 4 1 1 4 1 4 6 4 4 2 1 1 6 1 1 1 1 
4 4 1 8 4 8 1 1 6 4 4 1 1 8 1 4 1 1 1 1 
8 8 1 4 1 1 4 4 4 8 1 1 1 1 1 4 1 1 8 1 
8 1 1 1 6 0 1 4 1 1 8 4 4 1 1 4 1 4 4 1 
1 4 1 7 4 4 8 4 6 1 1 4 8 1 4 4 4 6 8 8 
