2 6 4 6 2 6 1 1 1 6 6 2 2 2 6 4 2 7 6 6 6 2 6 2 6 
4 2 7 7 6 4 7 6 6 6 4 6 6 4 2 6 6 6 7 2 6 6 2 6 7 
2 6 6 6 2 6 4 6 6 6 4 6 6 6 4 4 6 6 2 6 2 7 6 2 6 
4 6 2 6 6 6 2 2 6 4 6 6 2 7 2 6 6 6 6 6 2 6 2 0 2 
6 6 6 6 3 6 3 2 6 2 2 4 6 2 6 0 2 4 6 2 6 0 1 1 2 
6 6 6 2 3 2 6 6 6 6 6 4 2 2 4 6 6 6 2 6 6 6 1 7 6 
6 3 2 6 2 3 6 4 6 6 6 7 6 6 6 4 6 6 2 4 4 2 2 6 2 
6 6 6 6 4 2 6 6 2 6 6 6 6 6 6 6 2 6 6 6 6 6 6 6 4 
6 2 6 6 2 6 6 6 2 6 2 6 6 4 7 7 6 6 6 6 4 6 6 6 6 
6 7 7 7 6 3 2 2 2 4 6 6 6 6 6 3 6 1 1 4 6 2 4 6 6 
7 4 6 6 4 7 6 2 2 7 7 0 2 6 4 1 1 2 7 6 6 2 6 2 6 
6 6 6 2 6 6 2 2 6 6 6 6 6 7 2 7 6 1 6 6 6 6 6 6 6 
6 2 6 2 7 6 2 6 2 4 6 2 6 2 4 6 7 2 6 2 1 6 6 2 6 
7 6 6 4 6 6 6 6 6 6 2 6 2 7 6 6 6 1 3 2 1 7 6 6 4 
2 1 4 6 6 2 1 6 2 6 3 6 4 6 2 2 6 1 2 2 6 6 2 6 2 
1 1 7 6 1 1 6 6 6 6 2 6 6 6 6 2 6 6 4 7 6 7 4 7 6 
1 7 4 6 6 6 6 6 2 2 3 2 6 7 2 7 7 2 6 6 6 4 6 2 6 
6 2 2 2 3 6 6 3 2 2 4 6 6 4 6 2 4 4 6 2 2 4 6 2 2 
7 6 2 1 6 2 6 6 4 2 7 6 6 6 2 2 2 6 4 2 6 6 6 6 6 
6 6 1 4 6 2 1 1 6 2 2 4 4 2 6 6 6 6 6 3 6 3 6 6 4 
4 6 2 6 4 2 6 1 2 6 2 2 6 2 6 6 6 7 6 6 6 3 7 2 6 
6 6 4 6 6 1 1 6 6 3 7 6 2 4 2 6 6 7 4 6 2 7 4 6 2 
6 6 4 6 6 6 6 3 2 6 2 2 3 4 4 2 2 6 6 2 6 6 6 6 4 
6 4 2 6 2 1 3 1 1 6 6 2 6 6 2 2 2 6 6 4 4 0 6 2 6 
6 2 6 6 6 1 1 0 6 6 4 2 2 6 6 6 2 6 3 6 4 4 6 7 2 
