8 6 3 0 7 6 6 7 6 6 6 6 8 6 6 6 6 1 5 6 6 3 6 8 6 
4 6 4 6 8 7 6 8 4 8 6 6 7 6 6 1 8 1 7 6 7 6 3 6 4 
6 8 3 8 6 6 6 6 6 6 8 6 4 6 6 6 6 6 6 7 6 6 6 7 6 
6 6 4 6 6 8 6 6 7 6 1 1 6 6 8 6 8 6 0 6 7 8 6 4 6 
6 4 6 6 6 6 6 6 6 6 1 4 6 6 7 7 1 1 3 1 1 6 6 6 6 
6 6 6 6 6 6 8 7 6 1 6 4 4 7 6 8 1 6 1 8 7 6 7 6 7 
6 6 7 6 1 6 6 1 1 1 1 6 8 6 8 1 3 7 6 6 7 6 3 6 7 
6 8 4 7 3 4 8 6 1 1 6 1 1 1 1 1 1 6 6 4 5 8 6 7 6 
6 6 6 6 6 4 3 8 8 1 6 6 8 8 8 1 6 6 7 7 6 6 6 7 4 
8 6 6 6 6 8 6 6 6 1 5 6 6 6 6 7 6 6 6 1 6 8 4 8 3 
6 3 4 6 5 8 3 6 4 6 1 6 7 7 8 1 4 8 6 1 6 6 1 1 4 
6 4 5 3 8 6 0 6 6 6 6 6 8 8 6 6 3 1 1 1 6 1 1 1 8 
6 6 7 4 6 1 1 7 6 6 6 8 6 8 1 7 1 1 1 4 6 1 1 1 6 
6 6 6 4 7 7 1 7 6 4 6 8 6 6 6 0 6 7 1 1 1 1 1 6 8 
6 8 8 6 4 1 1 8 8 6 4 4 4 8 4 6 1 1 1 6 1 1 6 7 3 
7 1 8 6 1 1 6 1 6 7 6 6 0 6 6 6 6 1 1 1 1 1 6 8 1 
3 6 6 8 5 4 4 7 6 6 4 7 4 6 6 6 6 1 1 1 1 7 6 7 8 
6 7 6 6 6 6 4 7 7 6 6 6 4 6 5 7 1 6 1 8 6 7 6 6 7 
7 6 6 6 7 6 6 8 4 3 8 7 6 6 7 6 8 6 1 6 6 0 6 7 8 
1 8 6 0 4 7 4 6 6 7 8 6 4 0 5 8 4 6 6 4 7 3 1 6 1 
1 6 7 6 4 6 6 6 6 7 6 3 6 7 5 6 7 6 3 4 6 4 7 6 6 
0 6 6 6 6 3 7 6 8 6 6 7 6 7 6 7 5 8 6 1 1 6 6 7 5 
7 8 6 6 8 6 8 4 6 6 6 6 6 4 3 4 7 6 6 3 7 6 5 6 6 
6 6 6 6 7 6 6 6 8 6 6 7 4 1 6 6 6 6 8 4 3 6 6 6 6 
3 6 3 6 8 6 8 6 6 7 6 3 6 1 1 1 6 2 6 6 6 7 7 6 6 
