1 1 1 1 1 4 1 1 1 1 1 1 1 1 1 1 1 1 1 1 1 1 1 1 1 
1 1 4 1 1 4 1 1 1 7 1 1 6 1 1 1 1 1 1 7 1 1 1 1 1 
7 1 1 1 1 1 6 1 1 1 1 1 1 1 1 1 1 1 7 1 1 1 7 1 1 
1 1 1 1 0 4 1 1 1 1 1 1 1 4 1 4 1 1 1 1 1 1 1 7 1 
1 1 1 1 1 1 1 1 1 1 1 1 1 1 1 1 1 1 1 1 1 1 0 1 1 
1 1 1 7 1 1 1 1 1 1 6 1 1 6 1 1 4 1 1 1 1 1 1 1 4 
8 1 1 1 1 1 6 1 1 1 1 1 1 1 1 1 1 1 1 1 1 1 1 1 1 
1 4 1 1 1 1 1 1 1 7 8 1 1 7 1 1 1 1 1 1 1 1 7 1 1 
1 1 1 1 1 1 1 1 1 1 1 4 1 7 1 1 1 1 1 1 0 1 1 1 7 
1 1 1 1 1 1 1 4 1 1 1 1 1 1 1 1 1 1 1 1 1 0 1 1 1 
1 1 1 1 1 1 1 7 1 4 1 1 1 1 0 1 1 1 1 1 1 1 1 1 1 
1 1 1 1 1 1 1 1 1 4 1 1 1 1 1 1 1 1 1 1 1 1 4 1 1 
1 1 1 1 1 1 1 1 6 1 6 1 1 1 1 1 1 1 1 1 7 1 1 1 1 
1 1 0 7 1 1 1 1 5 1 1 1 1 1 1 1 1 1 6 1 1 1 1 1 1 
1 1 4 5 1 8 1 6 1 1 1 1 1 1 1 1 1 1 1 7 1 1 1 1 1 
1 1 1 1 1 1 1 1 1 1 1 1 1 1 1 1 1 1 1 1 1 1 1 1 1 
1 1 1 4 4 1 1 1 1 1 1 1 1 1 1 1 1 1 7 1 1 4 1 1 1 
1 1 1 1 1 1 1 1 1 1 1 1 4 1 1 1 1 1 1 1 1 1 1 1 7 
1 1 1 1 4 1 1 1 1 1 1 1 1 1 0 1 1 1 1 1 1 1 1 1 1 
1 1 1 1 1 4 1 1 1 1 1 1 1 1 1 1 1 4 1 1 1 1 1 1 1 
1 4 1 1 5 1 1 1 1 1 1 1 1 1 1 1 1 1 1 1 1 1 4 1 1 
1 1 1 1 1 1 1 7 1 7 1 1 1 1 1 1 1 1 1 1 1 1 7 1 1 
1 1 8 7 1 1 1 1 1 1 1 1 7 1 1 1 1 1 6 1 1 1 1 1 1 
1 1 1 1 1 7 1 1 1 1 1 1 1 1 1 1 1 1 1 1 1 1 1 1 1 
1 1 1 1 1 1 1 1 1 1 1 1 1 1 1 0 1 1 1 1 1 1 1 1 1 
