4 8 1 0 4 7 8 6 5 4 1 1 1 1 5 1 1 1 1 4 5 1 6 4 8 
4 7 1 1 1 1 6 7 1 1 1 5 1 8 8 6 1 1 1 1 5 1 1 4 6 
5 1 1 1 1 7 1 1 1 1 1 1 1 1 4 5 5 5 1 1 1 1 1 1 6 
4 1 4 5 4 6 5 8 6 1 8 7 6 6 4 6 8 1 0 1 4 1 1 5 5 
1 1 1 6 6 4 1 1 1 7 1 1 4 4 5 4 4 4 6 4 7 6 1 6 5 
1 1 1 1 8 4 5 8 6 7 1 1 8 1 4 5 6 7 5 6 7 6 5 8 4 
7 1 1 8 4 6 8 7 1 5 4 1 5 1 8 4 5 5 8 7 4 4 8 1 5 
4 7 1 1 5 4 5 1 1 1 5 8 1 1 1 1 4 7 4 6 8 6 8 8 7 
5 4 7 1 5 1 7 8 7 1 4 4 1 5 8 1 4 4 4 7 6 8 6 4 5 
1 1 1 1 1 1 1 1 4 7 7 1 1 1 4 1 1 6 4 7 4 8 1 1 1 
1 4 8 1 1 1 1 4 1 5 5 1 1 1 5 5 4 8 6 5 4 1 1 1 1 
1 1 1 1 1 1 0 1 4 1 8 5 5 1 1 8 8 5 6 5 7 4 8 8 1 
1 1 4 1 1 1 7 8 7 1 1 1 1 1 1 1 1 1 4 7 4 8 4 6 1 
1 5 1 8 1 1 1 1 4 1 7 1 7 7 5 0 1 1 1 8 8 7 4 4 1 
8 1 1 1 1 7 1 1 1 1 1 1 4 5 1 1 1 1 1 8 4 6 8 8 8 
4 4 8 1 1 4 8 8 1 1 1 1 0 7 4 1 6 8 4 7 6 5 6 5 7 
6 4 6 5 1 1 4 1 6 1 7 1 4 1 6 2 1 1 4 6 4 7 4 5 4 
4 4 5 7 5 6 1 1 8 7 4 8 4 5 6 1 4 6 4 6 8 6 5 4 4 
8 7 8 1 1 1 8 1 4 8 5 7 7 5 7 1 4 8 4 4 5 0 4 4 7 
4 1 1 0 1 1 8 1 1 1 1 1 1 0 6 1 1 4 4 5 5 7 4 4 6 
1 1 1 1 5 1 5 8 1 1 1 1 6 1 7 8 4 7 5 4 6 4 4 5 1 
0 1 8 1 1 1 6 1 1 1 1 4 8 6 1 1 7 8 7 8 7 7 5 4 4 
4 1 4 5 1 1 8 4 7 4 4 5 1 1 1 1 1 5 7 5 8 4 7 1 4 
7 1 1 1 8 1 4 5 1 5 4 6 1 1 5 6 7 5 5 7 7 4 1 1 5 
7 5 1 1 4 1 8 8 1 1 5 5 1 1 4 1 4 1 7 4 5 5 1 1 4 
