1 6 4 6 6 3 1 1 3 6 4 6 6 3 3 6 3 3 1 3 
1 1 6 6 3 6 1 1 3 3 3 6 6 6 6 3 6 5 1 1 
3 3 5 6 6 6 1 6 5 3 6 5 3 6 1 1 6 3 3 3 
3 4 6 6 6 6 6 3 3 3 0 5 6 6 1 1 5 1 4 6 
6 1 3 1 1 6 6 6 3 6 6 4 1 1 3 1 6 1 6 3 
6 6 1 1 1 6 6 6 6 6 1 6 6 3 6 1 1 1 6 6 
1 1 5 3 1 1 6 5 3 3 1 3 6 3 3 0 5 8 1 6 
5 6 4 6 3 8 3 6 6 6 1 3 6 1 6 1 4 6 1 4 
6 4 6 6 5 6 6 6 4 1 1 6 6 3 3 6 3 3 1 6 
6 4 6 3 6 3 5 3 3 6 3 3 3 6 5 3 3 8 6 6 
3 3 6 3 4 6 3 8 3 6 5 3 3 5 3 3 3 6 3 6 
3 3 6 3 4 6 6 5 6 3 6 3 3 6 6 6 3 1 1 6 
6 3 0 6 6 6 5 6 3 6 4 6 6 5 6 0 1 1 1 3 
6 3 6 5 6 1 3 4 6 3 3 5 3 5 6 3 1 6 3 3 
6 6 3 1 1 6 6 3 3 5 6 6 6 6 3 6 3 5 3 5 
6 3 6 3 6 3 3 6 3 6 6 5 3 3 3 3 4 6 3 3 
3 6 3 3 5 1 6 3 3 3 3 6 4 1 1 1 3 3 6 6 
3 6 6 6 4 6 3 3 3 5 1 6 6 1 6 6 3 6 3 6 
6 6 3 3 1 0 6 3 3 6 1 1 3 3 1 3 5 3 6 3 
6 6 3 3 3 6 3 3 3 3 5 6 6 6 6 6 6 3 3 6 
