6 2 2 2 6 6 6 4 8 6 2 6 8 8 6 6 6 2 2 2 6 2 4 6 6 2 8 6 8 4 6 8 6 5 2 2 4 6 4 4 2 8 6 6 6 7 6 2 8 4 
6 4 4 6 4 7 4 4 6 8 6 2 6 8 6 6 6 6 2 8 4 6 6 6 6 6 2 5 2 8 2 6 2 5 6 2 6 8 8 6 6 5 6 6 2 4 6 6 6 6 
6 6 2 5 2 4 2 6 2 5 2 6 6 0 2 3 6 6 8 6 8 6 8 6 6 2 5 2 6 5 5 6 2 6 4 6 6 6 6 6 6 8 4 6 5 6 4 2 6 6 
4 4 5 2 6 2 8 6 6 8 8 6 2 6 2 6 2 6 6 2 6 8 3 0 2 2 6 8 6 8 8 6 5 6 6 6 2 8 6 6 2 6 4 6 2 6 0 6 2 5 
6 4 2 6 6 6 5 0 2 2 6 5 4 8 6 4 5 6 8 4 4 6 5 8 4 6 2 6 6 6 6 8 2 2 2 8 8 8 4 6 6 2 6 2 6 5 6 6 6 0 
6 2 3 6 6 8 2 6 6 8 6 6 2 6 6 2 2 8 4 0 3 6 6 2 7 6 2 7 7 8 6 6 5 8 2 2 2 5 2 2 4 6 2 6 4 8 2 6 6 4 
8 8 4 2 2 3 2 6 6 6 8 7 6 4 8 6 6 8 6 4 6 2 8 2 6 6 6 6 7 2 6 4 2 6 8 4 6 8 6 6 2 5 2 2 2 2 6 6 6 2 
6 6 8 6 6 8 2 6 8 6 5 4 4 0 8 2 4 6 6 2 6 6 6 4 8 6 6 6 2 6 2 5 6 6 6 6 8 4 8 8 8 2 2 6 6 6 6 6 5 2 
6 6 6 4 6 3 6 0 2 4 6 8 6 0 6 8 6 6 5 6 6 4 4 6 4 6 6 2 6 5 6 2 4 4 6 2 6 6 7 6 2 6 8 2 2 2 2 0 4 6 
2 8 2 6 2 6 6 2 4 6 4 6 8 6 6 6 8 6 6 6 4 6 5 6 6 6 6 8 4 5 2 6 8 6 6 6 6 6 6 6 8 6 4 6 2 2 4 6 8 6 
6 6 5 6 8 4 6 4 8 6 6 5 6 8 5 2 2 6 8 2 6 4 3 8 2 8 2 5 6 7 5 2 6 6 2 5 8 2 8 8 4 8 4 8 8 4 6 6 6 6 
6 2 6 6 6 6 6 6 4 2 8 2 6 6 6 2 8 6 0 8 6 2 6 6 6 0 6 2 6 6 6 8 2 6 2 8 0 8 2 6 6 4 6 6 2 6 4 2 6 2 
6 6 2 5 8 4 8 2 6 8 6 6 2 6 7 6 4 7 5 6 5 6 4 6 6 6 8 6 6 6 6 2 6 8 6 2 6 4 8 4 6 6 6 4 4 6 5 4 2 6 
6 2 6 6 4 2 6 7 6 7 6 8 8 6 6 8 6 2 8 2 4 6 4 2 4 6 6 8 6 6 8 2 8 8 5 6 8 8 8 6 2 6 5 2 6 6 6 2 2 2 
6 4 8 6 2 8 4 6 6 2 2 6 2 7 6 6 8 6 8 4 0 2 6 6 4 2 6 6 2 6 6 6 2 6 6 4 6 6 2 2 6 8 4 6 6 7 5 8 6 2 
6 6 8 8 6 5 6 8 6 2 6 6 2 8 8 7 6 2 4 2 0 6 2 8 6 6 7 6 8 2 6 6 6 8 2 6 6 2 4 6 4 5 8 6 2 4 4 6 6 6 
6 8 3 6 6 2 4 6 6 2 8 6 4 4 6 2 2 6 2 6 4 6 5 6 8 4 4 6 8 6 4 6 2 6 6 6 2 6 6 2 8 6 6 4 6 4 6 8 6 2 
4 6 4 8 6 6 5 2 4 6 6 6 6 6 6 2 2 6 6 2 4 5 6 2 6 2 8 8 6 8 6 6 4 6 6 6 6 4 8 6 6 4 2 6 6 2 6 0 4 6 
6 8 8 2 8 4 2 8 4 6 5 6 8 2 6 8 6 5 6 6 6 2 2 2 8 6 6 5 2 6 4 6 6 6 4 6 6 6 2 6 2 2 6 2 6 5 5 6 2 6 
6 6 2 5 6 6 4 6 6 6 6 6 6 2 8 5 4 6 4 6 2 8 6 4 6 6 4 4 6 6 8 2 4 6 6 6 8 2 2 5 4 5 0 2 4 2 6 4 8 2 
2 4 6 8 8 6 8 2 6 2 2 6 8 8 2 4 6 8 2 6 6 6 6 4 2 2 2 6 8 6 6 6 6 2 5 6 4 2 2 2 2 2 6 4 6 2 5 8 5 4 
2 2 2 5 6 2 8 6 4 6 6 8 2 2 6 4 2 6 4 2 2 2 6 4 6 6 6 8 8 6 6 2 6 6 8 6 6 6 6 4 8 6 2 6 8 6 2 2 0 6 
2 6 6 6 4 6 6 5 6 2 4 8 8 8 6 6 2 7 6 6 8 8 8 4 2 8 2 6 8 2 2 6 6 4 2 6 6 2 6 4 6 4 6 6 6 6 6 6 4 4 
8 6 5 6 4 2 6 2 6 0 6 6 4 4 6 4 6 6 8 2 6 8 6 6 6 8 8 2 2 5 4 2 4 2 2 2 6 2 6 6 6 2 8 6 6 4 4 8 2 8 
6 2 6 6 4 6 6 2 4 6 6 4 6 4 5 6 2 2 2 2 2 6 2 6 4 5 2 5 2 6 6 6 8 5 8 6 2 6 6 6 6 8 4 2 6 6 2 4 2 6 
2 6 6 2 2 6 6 6 6 2 6 6 6 4 6 6 6 6 4 6 4 6 8 6 5 2 6 6 6 5 6 4 6 2 6 6 4 6 6 6 6 6 6 6 5 6 5 2 4 6 
2 4 0 6 8 6 2 8 2 8 2 6 6 2 6 6 6 6 6 4 2 5 2 4 6 6 6 6 6 6 6 2 6 6 8 2 6 6 6 2 6 6 2 6 2 2 5 6 6 6 
6 2 6 6 8 4 4 6 2 6 7 6 6 6 8 5 4 6 2 6 5 2 6 2 6 5 6 6 4 6 6 2 4 6 4 7 6 6 4 6 2 6 6 6 6 6 5 6 7 6 
2 2 6 2 2 6 2 6 2 2 2 6 6 8 6 3 2 6 6 4 6 6 8 6 4 6 2 4 2 6 6 6 6 6 6 6 8 2 6 6 8 6 5 6 6 6 2 8 6 6 
4 8 2 4 5 6 6 5 6 2 2 6 2 6 2 7 6 6 6 8 4 6 6 4 6 6 6 2 6 6 8 6 8 6 6 2 6 6 5 2 6 5 6 2 6 8 6 5 2 4 
2 6 6 6 6 4 6 6 6 4 6 6 8 6 6 8 6 2 6 5 6 8 6 5 4 6 6 2 6 6 8 2 2 6 6 6 6 6 6 6 8 4 7 6 8 6 2 6 6 8 
4 6 2 4 6 4 6 4 0 6 6 6 4 6 6 4 6 6 2 2 2 6 6 2 6 2 6 6 6 6 6 5 2 6 6 6 6 2 6 5 6 6 4 6 7 8 6 6 6 6 
6 6 6 8 6 6 8 4 8 6 2 4 6 2 6 6 6 0 6 4 6 4 6 4 6 6 6 6 6 2 2 6 6 5 8 6 2 6 6 6 6 6 6 2 0 4 6 6 5 6 
6 8 6 4 6 6 6 5 6 2 6 2 4 2 4 6 8 5 8 4 6 4 6 2 5 6 6 2 6 4 2 6 2 4 3 8 6 4 8 5 6 6 6 6 2 6 2 5 2 2 
5 6 6 2 6 6 6 5 2 5 6 2 6 6 5 7 2 6 8 6 2 6 6 8 6 6 6 2 8 2 5 4 6 6 4 2 6 6 2 6 5 6 8 8 6 6 6 6 8 4 
4 5 5 6 6 5 6 6 4 2 6 2 2 7 8 6 8 2 4 8 2 8 4 6 2 4 2 8 2 6 0 6 2 6 6 6 6 6 6 6 8 8 2 4 2 5 2 2 2 6 
6 8 6 4 6 8 4 2 4 6 4 6 6 5 6 6 6 6 2 8 4 8 5 6 6 6 2 6 5 6 6 6 6 6 6 6 6 8 5 6 2 6 8 6 2 2 2 2 2 6 
6 6 2 0 4 5 8 8 8 2 6 6 8 2 6 5 6 6 4 6 4 6 6 0 4 4 8 6 2 4 6 8 6 6 4 2 2 4 6 2 2 2 6 2 6 6 6 2 6 8 
2 7 2 2 6 6 2 4 2 4 2 6 6 8 6 6 6 6 7 2 8 6 6 6 6 6 6 2 8 2 4 8 6 6 2 6 6 2 6 6 2 6 6 4 5 6 6 4 4 6 
8 6 6 6 4 2 6 6 4 6 6 2 6 2 6 6 4 6 6 6 5 2 3 6 6 6 5 6 5 6 2 6 6 6 6 6 2 8 6 4 4 8 6 6 4 2 6 2 6 8 
8 2 4 6 6 4 4 6 8 2 5 6 0 6 2 6 6 2 4 2 6 6 8 8 2 5 6 6 6 6 6 2 2 8 6 2 6 5 6 2 6 2 2 6 4 6 2 2 6 2 
6 5 6 4 8 8 3 4 6 6 5 2 6 6 6 6 6 2 8 6 6 6 6 6 8 4 8 2 6 2 6 2 6 6 4 6 2 6 6 8 2 6 2 4 4 6 6 6 4 6 
8 6 5 5 6 6 6 4 3 5 2 2 6 6 8 4 5 2 6 7 2 6 8 2 6 6 2 4 2 8 6 8 6 6 6 8 2 7 8 6 8 4 6 4 4 8 2 2 5 6 
2 4 5 6 6 4 6 2 2 4 6 2 5 2 6 5 6 6 4 6 6 8 6 5 6 6 2 4 2 2 7 4 6 6 2 6 4 6 4 6 0 2 6 6 2 4 8 6 8 6 
6 6 8 2 6 8 6 2 5 6 2 6 6 4 2 6 2 4 6 6 6 6 8 8 4 0 6 2 4 6 2 6 5 6 6 6 6 2 6 4 6 2 5 2 6 6 6 8 6 6 
4 6 6 8 6 6 8 7 6 6 6 8 6 2 4 2 6 6 4 6 8 6 6 6 6 4 2 5 7 8 6 5 6 6 6 2 4 2 6 2 4 6 4 6 8 6 6 6 4 2 
5 2 6 2 6 6 5 6 0 6 6 6 8 7 6 8 2 6 6 6 6 6 6 2 6 8 6 5 2 8 6 2 0 6 5 2 6 5 2 8 8 4 2 6 4 2 2 2 4 8 
4 5 4 6 4 6 2 6 4 2 0 4 4 6 7 5 6 5 6 8 6 6 2 8 4 6 6 8 6 6 5 4 8 6 6 6 6 2 6 4 2 6 6 6 6 2 6 5 8 5 
6 2 6 2 2 6 6 5 6 2 6 2 8 6 6 6 6 2 6 6 2 8 6 8 8 5 6 2 6 6 6 4 6 2 2 6 5 8 2 2 4 2 6 6 6 8 2 8 6 4 
6 0 8 6 2 6 4 4 5 6 2 2 4 2 4 4 6 6 8 8 6 2 6 4 6 6 2 6 6 2 2 2 2 8 2 6 6 2 6 8 2 6 4 8 8 2 2 6 4 4 
