1 1 1 1 4 1 8 1 1 1 1 1 1 1 1 1 4 1 1 8 
1 6 1 1 1 1 1 1 1 1 1 1 4 1 1 8 6 8 0 1 
8 6 4 8 1 1 1 1 1 1 1 1 4 1 1 1 1 1 1 8 
1 4 1 1 4 1 1 8 1 1 1 1 8 1 8 1 1 1 1 1 
1 1 8 1 1 1 6 4 4 1 1 1 1 1 1 1 1 1 1 8 
1 1 1 1 1 1 1 1 4 1 8 1 4 4 1 0 1 1 1 6 
1 1 1 1 1 4 1 1 1 1 1 1 1 2 4 1 1 1 8 6 
1 6 1 1 1 1 0 1 1 1 1 1 4 8 1 1 1 4 1 1 
0 1 1 4 1 1 1 1 8 4 1 1 1 8 8 1 1 1 4 1 
4 1 1 1 1 1 1 1 1 1 1 4 0 1 8 1 1 1 1 4 
1 1 1 1 4 1 1 8 1 4 1 1 6 1 1 6 1 1 1 1 
1 1 1 1 1 1 1 2 1 1 6 1 0 1 1 1 1 1 4 1 
1 1 4 1 1 1 1 4 6 1 2 1 1 1 8 1 1 1 1 1 
8 1 2 1 1 1 1 1 1 1 1 1 1 4 4 4 8 1 1 1 
1 1 8 8 1 6 1 4 1 1 1 1 8 6 6 1 1 8 1 1 
1 1 4 1 1 1 1 1 1 1 6 1 8 1 1 6 1 1 1 8 
1 1 1 1 4 1 1 1 1 1 1 0 8 1 1 1 1 1 1 1 
1 1 1 1 1 1 1 0 1 1 1 1 1 1 1 1 1 1 4 1 
1 1 1 1 1 8 1 1 1 1 1 1 1 0 1 1 1 1 4 1 
1 1 1 1 1 8 1 1 1 1 1 1 1 1 1 0 4 1 1 1 
