2 8 5 8 8 8 2 8 8 8 8 8 8 8 8 8 8 8 2 8 
8 8 8 7 6 8 5 7 7 8 8 7 8 8 2 8 8 5 0 8 
8 8 8 5 8 8 8 8 8 7 7 8 8 8 8 8 5 7 8 8 
7 8 8 8 2 8 2 8 8 8 8 8 2 7 8 8 8 8 2 8 
2 8 8 8 2 8 8 2 8 8 8 8 8 7 7 8 2 2 8 8 
8 7 8 5 8 8 8 8 8 8 7 8 8 8 8 0 8 2 8 8 
2 8 8 8 8 2 8 8 8 8 8 7 2 2 8 8 8 2 2 8 
8 2 7 2 2 8 0 2 8 8 8 8 8 8 8 8 8 7 8 5 
0 8 2 8 8 7 8 2 8 7 8 8 5 7 8 8 7 8 7 8 
8 8 8 7 2 7 5 8 8 2 8 8 0 8 2 8 8 2 5 8 
2 5 8 8 8 8 8 6 8 2 8 8 8 5 8 2 5 8 8 7 
2 2 8 7 8 8 8 7 8 8 8 8 0 8 8 8 8 8 2 8 
8 7 8 7 7 8 8 8 8 8 8 8 8 8 8 8 7 2 8 8 
2 2 8 2 8 8 8 2 8 8 8 2 2 8 8 8 8 2 8 8 
8 8 8 8 8 8 6 8 2 8 8 8 8 7 8 8 2 8 2 8 
8 8 8 2 7 7 2 2 8 8 2 8 8 7 5 8 8 8 8 5 
8 8 8 8 2 7 8 8 8 8 8 0 8 8 2 7 2 8 2 8 
2 2 8 2 8 2 2 0 7 8 8 8 5 8 8 8 2 2 8 2 
8 2 8 8 8 7 8 5 8 8 8 2 8 0 8 8 7 8 8 7 
7 8 8 8 7 8 5 8 2 2 8 8 7 8 8 0 8 8 5 2 
