1 1 1 1 1 1 1 1 1 1 5 1 1 5 1 1 1 5 1 1 
1 1 5 1 1 1 1 1 1 5 1 1 1 1 1 1 1 1 5 1 
1 1 4 1 1 1 1 1 5 1 1 1 1 1 1 1 1 1 1 1 
1 5 1 1 1 1 1 1 1 1 1 1 4 1 1 5 1 1 1 1 
1 5 1 1 1 1 1 1 1 1 1 1 1 5 1 1 1 1 1 1 
1 1 1 1 1 5 1 1 1 1 1 5 1 5 1 1 1 1 1 1 
1 1 1 1 1 1 4 1 1 1 1 1 1 1 1 1 4 4 5 1 
1 1 1 4 1 1 1 5 1 1 1 1 1 1 1 5 1 4 4 1 
1 1 1 5 1 1 5 1 1 1 5 1 1 1 1 1 1 1 1 1 
1 1 4 4 5 1 1 5 1 1 4 1 1 1 4 1 1 1 1 1 
1 1 1 1 1 1 1 1 1 1 1 1 1 6 1 1 1 1 6 1 
1 1 1 1 5 5 4 1 1 1 1 1 1 1 1 1 1 0 4 0 
1 4 1 1 5 5 5 1 1 1 1 1 1 6 1 1 1 1 1 1 
1 5 1 1 1 1 1 1 1 1 1 1 1 5 1 1 1 1 1 5 
1 5 1 1 1 1 5 1 1 1 1 1 1 1 1 5 1 1 1 1 
1 1 1 1 1 1 4 1 1 1 1 4 1 1 1 4 1 1 1 1 
1 5 1 5 1 0 1 1 1 1 1 1 1 5 1 1 1 1 1 1 
1 1 1 1 5 1 1 1 1 1 1 1 1 1 5 1 5 1 1 1 
1 1 1 1 1 5 1 1 5 1 0 1 1 1 1 1 5 1 1 1 
1 1 1 1 1 1 1 1 4 1 1 1 1 5 1 1 1 4 4 1 
