6 2 2 2 6 6 6 6 6 6 4 6 6 6 4 4 4 4 2 2 6 6 2 6 2 
2 6 6 4 6 6 6 4 6 6 2 6 4 6 6 6 2 2 6 6 6 2 6 6 2 
6 2 2 6 6 6 6 6 6 2 6 6 4 7 4 2 6 4 7 6 2 2 4 4 2 
4 4 2 2 2 2 2 6 2 2 6 6 6 6 2 2 6 6 2 2 2 6 6 6 6 
6 6 7 6 4 2 6 4 2 7 2 6 6 6 2 4 4 6 6 2 2 4 6 2 6 
6 6 2 2 2 7 2 2 6 2 2 6 2 2 1 2 2 6 6 2 6 6 2 4 6 
2 6 6 2 6 3 4 4 2 4 6 6 2 1 1 2 2 2 6 6 4 2 7 3 7 
4 6 6 2 6 6 2 7 4 4 6 6 3 1 4 1 4 6 6 6 6 6 2 4 4 
0 4 0 6 4 6 4 2 4 2 6 4 1 1 6 1 1 4 6 2 2 6 2 4 4 
6 7 2 2 2 6 4 2 6 2 2 7 6 2 6 1 1 4 4 3 6 4 6 6 6 
6 2 6 2 6 2 6 6 6 6 6 2 2 7 6 3 1 2 4 2 2 2 6 6 6 
0 6 2 2 2 6 2 6 2 6 7 6 2 2 2 7 6 6 2 6 6 2 2 6 2 
4 2 6 6 6 7 6 6 6 2 6 4 2 6 6 6 2 6 4 6 2 4 6 7 3 
6 2 6 4 2 2 0 4 6 6 4 2 6 6 2 2 6 6 6 2 2 2 2 6 6 
2 4 7 2 2 4 6 4 6 4 2 4 4 4 2 2 3 6 6 6 6 2 2 7 2 
6 2 6 2 2 2 2 6 6 6 4 6 3 2 2 6 6 2 4 6 6 2 2 2 6 
6 6 2 3 4 6 4 2 4 4 6 2 6 2 2 2 2 7 2 6 6 6 2 6 6 
6 2 2 6 2 2 2 2 6 4 6 2 6 4 6 6 6 4 6 6 6 4 4 6 2 
2 6 4 4 2 6 6 2 0 6 6 6 2 6 6 6 2 4 6 6 2 6 4 2 6 
2 2 6 6 4 2 2 7 2 4 2 2 2 6 6 2 4 2 6 2 6 4 6 2 2 
2 2 2 6 6 6 6 4 6 4 4 6 6 7 6 2 6 2 2 2 7 2 4 6 6 
6 6 2 6 6 2 2 2 6 6 6 2 4 4 2 6 6 6 2 7 2 6 2 2 6 
2 6 2 2 6 6 6 4 1 2 2 2 6 6 2 7 6 6 2 6 6 2 2 2 7 
7 6 2 6 2 1 1 6 1 1 6 2 0 6 6 4 6 2 2 6 4 7 6 2 6 
6 3 2 6 6 2 6 2 2 6 2 4 4 2 2 2 6 4 7 6 6 6 6 2 6 
