6 6 4 5 1 1 1 1 6 6 4 6 6 6 5 6 5 6 6 3 
5 3 1 1 4 6 1 1 4 4 5 6 6 6 6 6 5 6 4 4 
5 6 6 6 6 1 1 1 6 4 1 3 6 1 1 6 6 4 3 6 
5 6 6 6 6 1 1 1 1 6 5 4 5 4 1 6 5 1 6 6 
6 6 5 4 4 4 1 1 1 3 4 4 6 4 0 4 5 1 4 6 
6 5 4 6 3 6 3 6 4 6 5 6 5 6 6 3 3 1 4 5 
6 3 6 6 6 3 6 4 6 1 4 3 4 6 6 1 1 6 6 6 
4 0 6 1 5 6 3 4 5 1 1 4 4 5 6 6 6 4 6 5 
6 5 4 5 5 3 6 6 6 6 1 1 6 6 6 6 6 5 4 4 
4 5 6 4 4 6 6 5 4 4 1 4 4 3 5 6 6 3 6 3 
5 6 6 6 6 6 6 3 6 4 1 6 6 6 4 5 6 6 6 3 
6 5 6 5 6 5 6 6 6 6 4 6 4 6 6 3 4 1 6 6 
6 6 0 0 5 6 6 6 4 6 6 4 4 3 3 6 1 4 3 6 
6 6 6 6 6 6 6 6 6 5 4 6 4 4 6 6 1 1 6 5 
4 4 4 5 5 4 4 6 4 6 6 4 6 6 5 6 1 4 6 5 
4 6 6 4 4 5 5 6 6 4 5 6 6 6 3 6 6 4 6 6 
1 1 4 1 4 4 5 6 5 5 6 4 1 1 1 6 4 4 4 6 
1 1 1 1 1 6 4 6 4 4 6 5 4 5 1 1 6 6 4 4 
1 1 1 1 3 6 6 6 6 3 6 3 6 6 1 1 4 6 6 6 
5 1 4 1 5 6 6 6 6 6 6 4 6 3 6 6 6 5 6 6 
