2 6 6 2 6 2 6 2 6 3 6 6 2 6 2 2 2 2 6 6 2 2 2 2 2 
3 3 6 2 2 6 2 2 2 6 6 2 6 6 2 6 6 2 6 2 6 6 6 2 6 
0 2 2 2 6 6 6 3 2 6 6 2 6 2 2 6 2 2 6 7 6 6 6 2 2 
6 2 6 6 2 6 6 6 6 6 2 2 6 3 2 6 6 7 3 6 7 2 6 6 3 
6 6 6 6 2 6 2 2 2 2 6 2 6 0 2 6 6 6 6 6 2 2 2 2 2 
2 6 6 6 6 2 2 7 6 2 6 6 2 2 6 2 6 6 2 6 6 6 6 6 7 
2 7 2 2 6 2 2 2 2 6 2 6 3 6 6 2 2 6 6 6 2 6 2 2 2 
6 2 7 2 6 0 2 6 2 6 6 6 7 2 7 2 2 2 2 6 2 6 6 2 2 
2 2 0 2 6 2 6 6 6 2 6 2 2 2 6 2 2 6 3 6 6 2 6 2 6 
6 6 2 2 2 6 6 2 0 2 6 2 6 3 6 6 6 6 2 6 6 6 2 3 6 
3 6 0 2 6 6 2 2 2 2 2 6 2 2 2 6 6 2 2 6 6 6 6 2 6 
6 2 6 2 2 6 6 6 2 6 6 6 2 2 6 6 6 6 7 2 2 6 6 6 6 
6 6 6 2 6 2 2 2 6 6 6 6 6 6 2 2 2 7 6 2 2 6 2 6 6 
2 6 6 2 6 6 6 6 2 6 6 2 6 6 6 2 2 3 6 6 6 7 2 6 2 
2 2 2 6 2 2 2 2 2 2 6 2 2 2 2 2 2 2 6 2 6 2 2 2 7 
2 6 6 6 6 6 6 6 6 6 2 2 6 6 2 6 6 6 2 3 2 6 6 6 2 
3 2 2 6 6 2 6 2 2 3 2 2 2 7 6 2 6 6 6 2 6 6 6 6 6 
2 2 7 6 6 6 6 6 2 3 2 6 2 2 6 6 3 2 2 2 6 2 6 2 2 
6 6 3 6 2 2 6 6 6 7 3 2 2 6 2 7 6 6 6 6 6 2 2 7 6 
2 6 6 2 2 0 2 2 6 2 6 6 2 6 7 6 3 6 6 6 6 6 2 6 6 
6 6 0 2 2 2 6 3 6 6 6 2 3 6 6 2 6 3 6 2 2 2 2 2 6 
0 7 6 2 6 2 2 6 6 6 2 2 7 6 6 6 6 2 3 2 6 6 6 6 2 
6 2 2 6 6 6 2 2 6 2 6 6 6 6 6 2 6 6 2 6 6 3 6 2 2 
2 6 6 6 6 6 7 0 6 6 6 2 6 7 6 2 2 6 6 2 3 2 6 3 2 
2 2 2 6 6 2 7 6 6 2 2 6 2 6 6 2 7 6 6 2 6 7 7 2 6 
