3 3 6 3 3 1 3 4 1 7 6 1 6 4 3 3 8 5 3 6 
5 3 6 6 6 1 7 8 4 1 1 1 1 6 3 4 6 3 6 8 
6 1 1 8 3 1 3 1 1 1 1 6 1 5 6 6 2 2 8 4 
7 6 1 4 6 3 5 1 5 6 1 1 1 1 7 7 3 3 8 3 
3 1 1 1 1 7 1 1 6 3 3 1 1 3 5 4 3 5 3 6 
6 7 7 1 1 1 1 1 6 7 3 1 1 0 3 3 6 5 3 3 
3 4 6 3 1 1 1 8 3 3 3 1 1 1 3 3 4 4 7 3 
0 3 3 3 3 8 1 3 3 6 5 6 6 1 3 6 3 4 6 3 
5 6 8 5 3 6 1 3 3 6 6 6 3 6 3 5 7 3 3 6 
6 6 4 6 3 3 8 6 5 6 3 8 6 3 8 5 6 6 4 6 
6 3 6 3 3 6 6 5 5 3 3 3 3 6 3 1 3 4 1 1 
7 6 6 6 6 3 4 5 3 3 5 8 8 3 3 1 7 3 1 1 
5 6 8 8 3 7 5 3 6 5 3 7 8 7 6 8 4 3 1 1 
3 7 3 3 6 5 3 6 6 7 8 8 6 5 3 4 6 8 5 1 
4 1 1 6 4 3 3 4 7 6 5 5 3 7 6 3 3 3 7 5 
3 6 6 6 8 8 3 3 3 3 3 5 4 8 3 3 4 3 5 3 
5 1 1 1 0 6 3 8 6 5 1 1 1 1 4 6 6 7 4 6 
1 3 1 1 1 8 4 3 6 7 8 0 5 4 8 3 3 6 3 1 
0 1 6 6 1 8 6 3 6 2 3 5 1 3 6 6 6 3 3 3 
1 6 7 1 5 3 6 1 1 6 1 0 1 3 3 5 8 6 3 6 
