5 4 3 3 4 5 3 3 5 5 5 5 5 4 5 6 4 5 3 5 5 5 5 5 3 
5 5 4 4 6 5 5 5 3 5 5 5 5 5 5 5 5 4 5 4 5 5 3 5 5 
3 5 3 5 5 5 6 5 4 4 5 5 5 5 0 5 5 5 5 5 5 5 4 5 5 
5 5 5 5 5 5 5 5 5 4 5 5 5 5 5 5 5 5 5 5 5 5 5 5 5 
5 5 5 5 5 5 5 5 5 3 5 5 5 5 5 5 4 5 5 3 5 5 4 5 5 
5 4 5 5 5 5 5 3 5 6 5 3 5 4 6 5 5 6 5 5 3 5 5 5 5 
5 5 5 3 5 5 5 5 5 5 5 5 5 5 5 4 5 5 5 3 5 4 5 5 5 
5 5 5 5 5 3 3 4 5 5 5 5 5 3 5 4 5 5 5 5 5 4 5 6 5 
4 5 5 5 5 5 5 5 5 5 5 5 5 5 5 5 0 5 5 5 5 5 4 6 5 
5 5 5 5 5 5 4 5 5 5 5 5 6 4 3 5 6 5 5 6 5 5 5 5 5 
5 5 5 3 5 5 5 5 3 5 5 5 4 3 5 5 5 3 5 5 5 5 5 5 5 
4 5 4 3 5 4 5 5 5 5 5 5 5 3 5 5 3 5 6 5 5 5 5 5 5 
5 5 5 5 3 5 5 5 5 5 3 5 0 5 5 6 5 4 5 5 5 4 3 5 5 
5 5 5 4 5 5 5 5 5 3 5 5 3 5 5 5 4 5 5 5 5 5 5 3 5 
5 4 4 5 5 5 5 4 5 6 5 3 5 5 5 5 5 5 5 5 5 5 5 5 5 
5 5 5 5 5 4 3 3 5 5 5 5 5 5 5 5 5 5 3 4 5 4 5 3 5 
5 3 5 4 3 5 5 5 5 5 5 5 5 5 5 3 5 5 5 5 5 5 5 6 5 
4 5 5 5 5 5 5 5 5 5 5 5 4 5 5 4 5 5 5 5 5 5 5 5 3 
5 5 4 5 5 5 3 5 5 5 5 5 5 5 5 5 5 5 5 3 5 5 5 5 5 
5 5 4 4 5 5 3 5 5 5 5 3 4 5 5 5 4 4 4 5 5 5 3 5 3 
4 3 5 3 5 5 5 5 5 5 3 5 5 6 5 3 5 5 3 5 5 5 5 5 3 
5 5 5 3 5 5 5 5 5 5 5 5 5 5 3 5 5 5 3 5 3 3 4 5 3 
5 5 5 5 5 5 5 5 6 5 5 5 5 5 5 5 5 5 5 4 5 5 5 5 5 
5 5 5 5 5 5 3 3 5 5 4 3 5 5 5 5 5 5 5 5 6 5 5 5 5 
5 3 4 5 5 4 5 6 5 5 5 5 5 5 5 4 5 4 5 5 5 3 5 5 5 
