2 1 2 1 6 3 4 2 1 8 8 4 6 3 8 3 6 2 4 3 6 8 2 8 8 
3 2 6 4 2 2 8 7 4 2 2 3 2 2 6 2 2 2 2 8 8 3 2 8 6 
6 2 2 2 6 2 6 6 3 2 4 2 3 1 6 2 4 4 8 2 8 2 2 3 6 
6 6 2 2 0 3 2 2 2 3 1 1 1 1 8 8 3 4 3 7 2 2 4 3 8 
2 3 4 2 2 1 1 1 1 8 1 1 1 1 8 8 6 8 8 2 3 8 0 4 8 
3 3 2 1 3 4 1 2 3 8 1 3 1 2 8 4 8 2 1 2 2 2 8 3 2 
4 1 2 8 3 6 8 6 8 3 1 4 6 8 4 4 4 8 2 3 3 1 3 4 3 
4 1 1 4 2 2 4 6 1 1 2 6 2 2 2 2 3 2 8 3 1 1 1 2 2 
4 2 4 8 8 2 6 4 6 3 1 1 8 2 4 6 2 1 3 2 0 1 4 4 2 
2 8 4 6 4 8 6 3 8 2 2 4 2 2 1 1 4 4 3 8 4 0 4 8 2 
2 6 2 2 2 2 2 2 3 6 6 2 4 3 0 2 2 3 6 2 2 4 8 3 4 
2 4 8 2 8 4 8 3 4 1 6 1 4 4 3 8 3 2 2 8 4 8 3 8 3 
2 8 4 8 2 2 2 4 3 2 1 4 3 2 8 8 2 2 3 4 8 8 4 2 2 
2 2 0 3 2 2 2 8 2 2 4 4 2 2 4 1 1 1 6 1 1 2 4 2 3 
3 2 3 8 8 2 4 4 8 2 8 4 7 1 1 1 1 1 2 1 8 4 3 6 2 
2 2 4 2 6 2 2 2 4 4 2 3 8 8 6 2 8 2 3 1 2 2 2 4 2 
4 2 4 3 2 4 6 2 2 3 1 4 3 2 2 2 2 2 3 2 2 4 2 6 2 
7 4 2 8 4 3 6 3 2 6 1 4 8 4 8 2 2 4 2 2 3 2 3 2 2 
8 3 8 8 4 2 8 8 2 2 3 2 4 2 0 3 4 2 2 3 2 2 2 3 4 
1 1 1 2 8 2 2 4 8 3 2 8 2 2 6 8 8 2 2 8 7 4 6 2 2 
1 2 4 8 2 3 4 2 6 8 8 1 2 4 3 8 2 3 2 2 2 4 3 8 7 
1 2 8 8 3 3 2 8 4 4 4 1 1 1 4 6 2 4 4 2 2 2 1 3 2 
4 4 4 8 2 2 8 4 6 4 1 1 8 1 1 4 2 8 2 8 8 2 1 1 1 
8 8 8 4 3 4 2 1 1 2 1 3 1 1 2 2 8 8 6 2 8 1 1 1 8 
2 8 1 4 4 3 3 8 2 2 1 4 1 1 1 0 2 4 3 4 2 8 3 6 8 
