7 6 8 7 4 2 8 2 4 3 6 8 8 8 4 5 2 8 0 8 6 4 8 2 8 
1 0 2 2 8 7 1 1 1 2 1 6 3 7 7 4 2 3 4 8 8 6 7 6 6 
2 8 2 8 4 2 2 8 6 1 1 1 8 2 2 5 8 8 3 8 4 8 3 3 7 
8 8 5 2 6 4 6 2 7 1 6 4 8 5 2 8 8 2 2 3 8 8 2 8 4 
4 8 4 2 4 2 8 2 3 1 1 1 8 5 6 8 8 4 8 6 2 8 2 6 2 
8 8 8 4 5 8 6 6 2 1 1 1 1 3 8 2 7 4 2 4 2 2 8 4 6 
8 4 8 8 3 4 8 8 1 1 8 1 1 8 7 8 8 4 8 4 8 3 1 8 4 
6 4 2 5 2 8 1 0 1 8 2 2 1 8 2 8 2 2 2 5 3 5 1 4 6 
5 4 4 8 2 6 2 8 7 2 8 1 1 1 7 7 3 6 8 8 6 2 1 4 3 
8 4 4 8 6 4 4 8 2 8 6 4 1 3 1 2 3 6 2 6 7 4 2 3 2 
6 3 2 5 8 4 8 8 8 6 6 7 1 8 2 1 5 4 2 5 4 6 8 1 0 
6 2 8 8 6 4 8 7 6 7 8 4 2 1 3 1 1 2 4 4 8 2 3 4 7 
0 4 1 2 8 6 8 6 6 3 5 8 6 7 4 8 8 6 4 4 6 1 3 6 6 
7 6 1 7 8 8 0 8 8 4 3 5 8 2 6 2 4 5 6 5 3 1 2 8 8 
8 8 6 1 6 8 8 8 8 6 8 4 6 4 8 8 3 8 8 8 7 1 1 6 8 
4 8 5 1 8 2 2 4 2 2 8 8 2 4 8 4 3 6 7 2 2 3 3 3 4 
1 1 1 8 2 7 4 2 6 8 5 8 4 7 8 4 4 4 2 1 1 8 6 8 2 
1 4 8 8 3 4 8 8 7 1 3 2 8 8 4 4 6 3 1 2 1 1 8 4 1 
1 2 8 2 3 8 2 4 2 1 6 4 8 4 2 2 7 2 1 1 1 1 6 1 4 
1 8 2 2 8 8 4 2 1 1 4 8 8 8 3 5 5 8 8 1 8 1 8 1 1 
8 2 6 3 8 2 8 4 2 1 2 2 6 6 4 6 4 7 2 8 6 8 4 1 1 
1 8 8 8 8 6 3 8 2 5 2 1 6 3 8 8 4 8 6 4 2 8 2 1 8 
1 0 2 8 3 7 5 5 8 8 1 5 4 6 2 3 8 4 8 8 2 6 8 2 8 
1 2 2 8 4 2 8 8 1 1 1 1 6 6 2 4 8 6 8 4 2 8 8 7 1 
1 5 8 8 7 8 1 1 1 8 1 1 5 8 3 5 8 2 8 6 8 4 4 7 6 
