1 1 1 0 7 1 1 1 1 1 1 1 1 1 1 1 1 7 1 1 1 1 1 1 1 
4 1 1 1 1 1 1 4 1 1 1 1 1 7 1 1 1 1 1 3 1 1 1 1 1 
1 1 1 4 1 1 1 7 1 1 1 1 1 1 1 6 1 1 7 1 1 7 1 1 1 
1 1 1 5 1 1 4 1 1 1 1 1 1 1 1 4 5 1 0 1 1 1 1 1 1 
1 1 1 1 1 1 2 1 1 1 1 1 7 1 1 1 1 1 1 1 1 1 1 1 1 
1 1 1 1 1 1 7 7 1 3 4 1 1 1 7 1 1 1 1 1 1 1 1 1 1 
1 1 7 1 1 1 1 1 1 1 4 1 1 1 1 1 1 1 1 1 1 1 1 1 1 
1 1 1 1 1 1 1 1 1 1 1 7 1 1 1 1 1 2 1 1 1 1 1 6 1 
1 1 1 1 1 1 1 1 2 1 1 1 1 1 1 1 1 1 1 1 1 1 1 6 1 
1 1 1 7 7 1 1 1 1 1 1 1 1 1 1 1 1 1 1 1 1 1 1 1 1 
1 1 1 1 1 1 1 1 1 1 1 1 1 1 1 1 4 1 7 1 1 7 1 1 1 
1 1 7 7 7 1 0 1 1 1 1 1 1 1 1 1 1 1 2 1 1 1 1 1 1 
7 1 1 1 1 1 1 1 1 1 1 1 1 1 1 1 1 1 6 1 1 1 1 1 1 
1 1 7 1 1 7 1 1 1 6 1 1 1 1 1 0 1 1 1 7 1 1 1 1 1 
1 1 1 1 1 7 7 7 1 7 1 1 4 1 7 1 1 1 1 1 1 1 1 7 1 
1 1 3 1 1 1 1 1 1 5 1 1 0 1 1 8 1 2 1 1 1 1 1 1 1 
1 1 1 1 1 1 1 1 1 1 1 1 2 1 1 1 1 2 1 1 1 1 1 1 1 
1 1 1 1 1 1 1 1 1 1 1 1 1 1 1 1 1 1 1 1 1 1 7 1 1 
1 7 1 1 1 1 1 1 1 1 1 1 1 1 1 4 1 5 1 1 1 0 1 1 1 
1 1 2 0 2 1 4 1 1 1 1 1 1 0 1 1 1 1 1 1 1 1 1 1 1 
1 1 7 7 1 2 1 1 1 1 4 1 1 1 1 1 1 1 1 1 1 1 1 1 1 
0 1 1 1 1 1 1 1 1 1 1 1 1 1 7 1 7 5 1 1 1 7 7 1 4 
1 4 4 1 1 1 1 1 1 1 7 1 1 1 1 1 1 1 1 1 1 1 1 1 1 
1 1 1 1 1 1 1 1 1 1 1 1 1 1 1 1 1 1 1 1 1 1 1 1 1 
1 1 1 1 1 7 7 7 1 1 1 1 1 2 1 1 1 1 1 1 1 2 1 1 1 
