7 6 7 8 2 2 5 8 2 7 6 1 8 5 6 6 8 7 5 8 
5 7 5 7 6 5 5 5 7 6 8 5 7 7 6 5 1 8 6 5 
8 7 7 2 8 6 5 6 7 7 4 5 5 6 7 1 1 1 1 8 
5 2 6 7 2 6 6 3 6 5 7 2 3 6 7 7 1 1 2 5 
6 8 6 6 5 7 6 7 2 7 1 7 5 5 5 2 8 7 6 7 
5 2 6 6 7 6 2 5 8 8 8 8 4 0 3 5 5 6 8 6 
2 7 8 5 7 5 7 7 5 7 2 5 8 8 3 7 7 5 6 6 
0 6 7 6 2 7 8 8 8 6 2 5 5 7 8 5 6 6 8 6 
5 6 7 8 5 6 6 4 6 7 7 2 5 5 8 6 5 7 7 2 
2 7 8 5 8 8 8 8 7 7 5 6 5 5 7 5 7 2 5 2 
5 8 6 8 7 7 8 2 2 8 7 7 7 8 8 2 5 2 5 8 
7 5 5 8 6 3 8 5 8 5 6 5 6 5 6 7 8 7 7 7 
8 7 8 2 5 6 7 5 8 5 8 2 8 6 8 6 5 2 7 6 
5 6 5 7 7 8 6 1 1 7 7 2 8 6 6 2 5 7 6 8 
8 2 6 8 7 3 6 1 1 5 6 5 8 8 7 7 6 8 6 5 
5 7 6 7 7 5 5 5 8 7 2 8 5 6 6 6 5 7 8 7 
5 7 7 5 0 4 6 3 7 7 6 6 5 8 6 6 7 6 3 7 
6 6 7 2 6 8 2 5 2 6 6 0 6 6 2 5 6 5 6 2 
0 6 6 7 8 2 6 7 8 5 2 2 8 7 7 2 8 7 5 2 
5 6 8 6 8 8 7 2 2 6 7 0 2 5 6 8 8 7 7 7 
