3 7 5 5 5 7 4 5 6 8 1 5 6 4 8 1 7 8 6 7 
2 2 1 3 3 7 2 1 5 6 6 4 1 8 4 4 8 1 5 2 
5 2 3 8 7 2 7 3 7 6 8 7 8 6 1 5 7 3 3 6 
3 4 5 5 6 7 6 5 7 2 3 1 3 4 7 2 0 2 3 2 
8 5 2 6 7 3 7 5 2 4 3 8 6 8 4 4 6 4 1 8 
1 4 7 7 5 1 8 3 2 6 1 7 8 4 3 5 2 3 4 3 
4 3 1 7 8 8 1 1 3 3 4 3 1 6 6 4 6 1 4 6 
2 2 2 4 1 8 0 8 2 1 4 1 3 2 1 7 2 5 6 8 
2 2 4 5 8 6 7 3 6 6 5 1 4 3 5 6 5 3 7 7 
5 7 8 1 2 7 3 5 1 7 6 2 2 7 6 5 5 2 4 5 
7 4 6 8 3 1 6 6 8 3 3 4 3 8 2 4 7 3 6 5 
7 5 3 5 8 2 7 4 2 3 4 2 2 3 5 7 4 2 7 1 
8 3 6 7 1 7 2 2 6 6 7 2 5 3 1 5 5 2 4 1 
8 5 4 2 7 8 1 6 6 5 2 1 4 5 2 3 1 3 6 8 
6 7 7 7 3 6 6 2 4 2 2 4 2 1 6 6 5 7 5 7 
6 7 7 4 4 1 6 3 2 3 6 4 6 7 5 1 3 5 6 4 
8 2 1 7 4 1 7 1 7 2 2 4 6 4 2 6 4 1 6 3 
3 5 7 5 1 3 2 3 6 4 5 3 3 0 1 2 3 8 1 0 
3 1 4 6 2 8 1 4 3 8 2 1 8 2 1 5 1 7 7 6 
5 2 8 1 8 8 5 6 1 8 1 6 0 1 2 5 6 3 1 4 
