4 4 8 6 4 4 8 8 8 4 4 8 4 8 4 4 4 4 3 8 4 4 4 4 4 
8 4 8 4 4 8 6 0 4 8 4 8 8 8 4 4 8 6 8 8 8 8 6 8 6 
8 8 8 4 4 4 4 6 8 8 3 8 8 8 8 3 8 3 0 4 6 8 4 6 8 
8 4 4 3 8 6 4 6 8 4 8 8 6 8 4 8 8 8 8 6 8 8 3 8 4 
6 4 8 4 3 8 4 4 4 4 8 8 4 8 8 3 4 8 4 8 4 4 4 4 8 
4 8 8 8 4 8 4 8 8 8 4 4 8 8 4 6 4 6 8 6 4 8 8 3 6 
8 8 8 8 8 8 8 8 8 8 4 6 8 0 6 6 4 8 8 4 8 8 8 8 6 
8 4 8 6 8 8 4 6 6 8 4 8 8 8 4 4 8 8 8 4 8 4 8 4 4 
8 4 4 8 6 4 4 8 8 4 8 4 2 4 4 4 8 8 4 4 8 6 8 8 6 
8 4 4 8 8 8 4 8 6 6 8 4 8 8 8 4 8 4 6 8 8 8 8 8 4 
8 4 4 4 4 8 8 8 8 8 8 8 3 8 4 6 8 4 4 8 8 4 8 6 8 
8 4 4 6 6 8 0 8 8 4 4 4 4 4 8 6 4 6 8 8 4 4 8 4 4 
8 4 8 8 4 8 4 4 4 8 4 8 8 8 8 4 8 4 8 4 8 4 8 4 8 
4 3 4 8 8 8 8 4 6 8 4 8 6 8 8 8 4 8 8 6 8 6 4 6 8 
4 8 6 4 4 8 4 8 4 4 4 4 4 8 8 8 4 4 4 8 4 8 4 4 6 
6 4 4 8 6 8 6 4 8 6 8 8 8 6 8 4 6 4 8 4 4 8 4 8 6 
8 8 8 4 8 8 6 4 6 4 8 6 4 3 8 8 4 8 8 8 4 8 4 4 8 
4 8 0 6 8 8 4 8 4 8 6 8 4 6 8 4 4 8 3 8 8 4 3 8 8 
8 8 0 4 8 4 6 4 3 8 8 3 4 8 8 4 4 8 8 8 4 8 6 4 8 
8 4 8 4 8 4 6 4 8 4 3 4 4 4 8 4 4 8 8 8 8 8 6 4 8 
8 3 8 8 8 8 4 8 8 3 4 6 4 8 6 8 4 4 6 4 8 8 6 8 4 
2 8 8 8 8 4 4 8 8 4 8 8 8 8 8 4 6 4 4 8 4 4 4 6 8 
4 8 8 6 8 8 4 8 8 4 4 8 8 4 4 6 4 6 8 8 8 3 6 8 4 
8 4 8 8 8 6 8 4 8 4 3 4 8 4 8 6 8 4 8 8 4 6 8 8 8 
8 8 8 8 8 4 4 4 6 4 4 8 8 8 4 8 8 8 4 3 8 6 6 4 8 
