7 1 1 7 7 8 7 0 7 8 6 6 7 5 8 6 7 5 6 7 8 7 7 6 7 
4 1 1 8 7 8 7 1 8 7 4 7 5 6 8 7 7 8 8 8 6 7 8 6 6 
6 8 1 7 7 6 6 8 8 6 7 7 7 8 7 6 7 5 6 8 8 7 7 5 6 
8 7 7 8 6 5 7 8 6 8 8 4 8 4 4 6 0 4 7 7 8 6 7 6 5 
8 4 6 7 6 6 8 8 7 7 0 7 6 6 7 6 6 5 5 7 5 6 7 7 7 
5 6 8 8 7 7 0 8 7 6 4 7 8 7 7 8 8 8 7 7 6 7 7 6 7 
7 6 6 6 6 0 6 5 6 5 7 7 7 7 6 7 6 6 7 6 7 7 7 8 6 
7 7 7 7 8 4 7 8 6 6 5 6 6 8 6 6 8 7 6 5 8 4 7 8 7 
0 4 8 7 0 6 5 8 8 8 8 6 8 7 6 8 6 8 6 7 6 7 7 6 4 
8 6 7 7 7 8 8 8 7 7 8 0 5 6 8 7 7 5 7 6 6 7 7 7 6 
8 6 8 7 7 7 6 8 8 8 6 5 7 4 7 6 6 6 6 7 7 1 8 6 6 
6 8 6 7 8 6 6 7 5 6 8 8 8 7 8 7 7 7 6 8 6 1 1 7 5 
8 8 8 7 7 7 5 8 6 4 7 8 5 5 8 7 8 8 6 1 1 1 7 8 8 
7 7 7 6 6 8 7 7 8 6 4 7 7 7 7 7 8 5 6 6 7 4 8 5 7 
6 8 8 5 7 8 6 8 6 6 6 7 7 4 8 6 8 7 8 7 7 8 7 7 8 
8 7 6 7 7 8 8 7 8 0 7 7 6 6 6 7 6 5 7 4 7 7 7 6 7 
8 8 8 7 8 8 6 6 8 7 4 5 8 6 4 6 6 6 7 7 6 8 7 5 7 
7 7 7 6 6 7 5 8 6 0 5 6 6 6 7 5 6 8 6 8 7 8 7 6 7 
6 7 5 8 7 6 7 4 7 6 7 7 8 7 8 5 7 7 4 7 7 7 7 8 7 
8 5 8 8 6 7 5 4 7 7 8 7 6 5 7 7 7 4 7 6 7 7 5 4 7 
5 8 7 7 7 6 6 5 1 7 7 6 7 6 7 0 6 4 8 8 6 7 6 7 8 
6 7 6 5 6 5 7 8 5 7 6 6 8 8 8 7 7 8 5 7 8 8 5 8 8 
8 7 7 7 7 7 5 6 6 6 6 8 8 7 8 6 5 7 8 6 6 8 8 8 6 
8 1 6 1 7 7 7 8 7 8 7 6 8 7 4 7 6 6 6 6 7 7 8 7 5 
6 7 5 1 6 1 1 7 6 8 6 6 7 6 4 7 6 6 7 6 7 6 5 6 8 
