4 6 6 4 4 4 3 0 5 5 4 4 6 4 4 3 4 5 4 4 4 4 5 6 6 
5 5 7 4 4 6 6 5 7 4 5 7 5 5 6 5 4 6 6 6 7 3 5 6 6 
4 5 7 4 4 4 4 3 5 5 4 4 4 4 4 4 5 6 4 4 6 5 6 4 4 
4 5 4 4 5 5 4 4 7 6 4 4 5 5 5 7 0 4 6 4 4 5 7 5 5 
3 4 4 4 4 4 3 6 6 6 0 5 5 3 4 4 4 6 6 6 4 5 4 6 4 
4 6 3 4 5 4 0 6 4 4 4 4 6 4 4 5 4 3 5 4 6 6 4 4 6 
4 6 5 7 4 0 5 6 6 4 4 5 6 5 4 7 6 4 7 6 5 4 4 6 4 
6 5 4 4 4 5 7 4 6 4 6 4 6 5 4 4 4 4 5 6 6 4 7 4 6 
0 6 6 5 0 4 3 5 4 6 4 7 4 5 5 5 5 4 4 4 6 6 4 7 7 
4 5 5 5 4 7 4 4 6 4 4 0 5 5 5 4 5 7 7 5 5 6 6 4 4 
5 4 5 4 5 5 5 4 6 4 5 7 5 6 4 4 4 5 4 4 4 4 5 6 5 
4 4 4 5 7 6 7 3 4 6 4 4 5 4 4 5 5 5 7 4 4 4 7 4 7 
4 4 4 4 6 5 5 5 4 4 4 4 4 5 5 6 4 4 4 5 4 5 4 7 4 
6 4 4 4 4 6 5 5 6 6 4 4 6 5 5 4 4 6 6 6 4 5 4 5 4 
6 7 6 5 4 6 7 4 4 4 5 4 6 4 5 4 5 5 4 5 3 5 4 6 4 
5 5 7 4 6 4 5 4 4 0 4 4 6 4 5 7 4 4 4 4 4 4 5 6 4 
7 4 6 4 6 4 4 4 6 5 5 4 4 6 7 6 5 4 7 4 4 5 7 5 4 
5 5 4 3 5 4 6 4 7 0 4 6 4 6 3 4 4 5 4 6 4 5 4 5 4 
7 3 6 7 7 5 5 6 6 3 5 5 6 4 5 5 4 3 4 4 6 4 7 5 6 
4 4 4 5 5 6 6 4 4 5 7 4 4 5 5 3 4 6 5 7 4 4 3 4 5 
4 4 6 4 4 7 4 5 4 3 3 4 5 5 4 0 4 1 6 4 4 4 7 4 4 
5 5 5 6 4 4 4 5 4 4 7 4 6 4 4 1 1 4 4 4 4 4 5 4 4 
6 4 4 4 4 5 7 4 4 4 5 5 4 4 1 1 1 3 4 6 4 6 6 4 6 
4 6 7 4 4 4 4 3 7 5 5 4 6 4 7 5 1 1 5 4 7 7 4 4 4 
4 6 7 4 5 4 5 5 4 5 4 5 4 4 5 4 6 7 6 6 4 4 5 6 4 
