0 3 8 1 8 8 6 8 4 4 8 4 4 4 4 4 6 8 8 8 6 8 6 8 1 
1 4 1 1 8 8 2 4 3 4 4 8 6 6 4 6 8 4 4 4 4 4 6 8 8 
1 0 8 2 8 8 4 6 6 6 2 8 4 8 3 8 4 4 8 4 4 4 8 8 1 
8 8 8 8 8 6 6 4 4 4 3 6 8 2 8 8 8 8 8 8 4 8 4 6 8 
4 8 6 8 8 4 6 8 3 2 8 8 6 8 8 1 0 1 6 8 6 3 4 6 6 
4 8 6 8 8 8 8 8 6 8 8 4 6 3 4 2 4 8 3 8 2 3 8 8 8 
3 8 4 8 4 6 8 8 0 2 4 4 4 8 1 1 3 8 8 8 3 8 3 8 8 
4 2 8 4 4 4 4 8 8 8 8 4 6 8 1 3 8 4 8 8 4 8 6 8 4 
8 4 8 8 8 8 8 6 8 8 4 8 8 6 8 6 8 4 4 3 8 6 8 6 1 
4 2 4 4 8 6 8 6 4 6 3 6 3 4 1 1 4 2 3 4 4 4 3 3 4 
4 8 8 3 2 0 2 4 6 3 4 8 6 4 6 8 0 6 8 8 6 8 8 4 6 
1 8 8 8 6 6 8 8 4 8 3 0 8 8 4 8 0 8 4 8 8 6 8 8 4 
1 8 8 2 8 8 3 8 8 6 8 8 8 6 3 6 2 4 4 8 6 8 8 6 8 
8 6 8 8 6 8 8 4 6 8 4 3 6 2 6 6 6 4 0 4 8 6 8 6 4 
6 8 8 8 8 8 4 6 4 3 6 6 4 8 8 8 4 8 8 6 6 8 4 8 8 
8 8 3 8 6 6 8 8 2 0 6 8 6 4 8 4 8 4 8 4 3 8 8 4 4 
4 8 8 3 2 4 4 8 2 8 8 6 4 4 4 8 8 8 8 3 6 8 4 4 6 
6 6 4 4 4 8 8 8 2 2 3 8 6 8 8 3 3 8 8 8 8 6 8 4 6 
8 8 8 8 4 4 6 8 8 8 8 4 4 0 8 8 6 8 4 8 8 6 4 6 1 
8 4 8 8 4 8 4 4 2 3 1 8 6 8 6 4 2 4 6 6 8 4 4 6 1 
8 3 8 8 8 8 2 4 4 3 0 8 8 8 4 2 4 4 4 8 8 8 8 8 8 
8 3 0 8 8 4 6 3 6 8 1 1 4 8 6 4 8 8 4 3 6 8 3 8 4 
6 8 4 8 8 2 4 8 6 4 3 6 8 6 8 8 8 8 6 8 8 8 4 8 3 
8 6 1 1 6 8 4 6 4 1 1 6 8 8 4 2 8 6 4 3 4 4 2 8 6 
1 6 1 8 8 2 8 8 8 8 8 8 4 8 8 6 6 6 8 8 8 3 3 8 4 
