7 8 8 8 7 5 8 8 7 8 5 8 8 8 5 5 6 5 6 6 
2 8 8 7 8 8 8 7 2 2 8 6 8 7 7 7 8 8 5 7 
8 7 7 8 8 7 8 8 8 8 8 8 7 5 8 2 8 8 8 8 
5 7 8 8 7 8 8 8 7 6 0 6 8 6 5 8 6 8 5 8 
8 7 8 7 8 8 8 7 8 8 7 8 5 8 5 8 7 8 2 8 
2 7 5 8 2 2 2 8 8 7 5 5 8 7 5 6 8 7 7 7 
2 8 7 8 5 8 8 5 8 5 8 8 7 8 7 0 7 7 5 7 
8 8 7 7 8 5 5 2 7 7 8 7 8 2 8 5 8 8 8 7 
8 7 7 7 7 8 7 8 5 2 6 2 5 8 5 5 7 5 7 6 
5 6 8 5 8 8 8 8 8 8 8 7 7 8 8 7 5 2 8 7 
8 8 5 8 8 8 2 8 8 5 8 2 5 6 8 8 7 7 8 6 
8 8 8 8 5 8 7 8 7 7 8 7 7 2 5 7 8 8 8 7 
8 2 0 6 8 8 8 7 8 7 8 7 8 2 8 0 8 2 7 8 
8 8 7 2 8 7 2 8 8 7 5 8 7 7 6 5 8 2 7 8 
2 7 7 8 7 8 8 8 8 8 8 5 7 7 7 8 8 6 7 8 
7 2 1 8 5 7 5 7 7 5 7 7 8 7 8 8 8 5 8 2 
7 7 1 1 1 1 1 6 8 7 8 8 7 8 8 5 8 8 7 5 
7 7 5 1 8 2 8 7 7 6 7 8 8 8 2 5 7 2 5 5 
2 7 5 1 8 0 7 8 8 5 8 8 8 7 8 2 2 7 5 8 
5 7 2 5 2 8 8 2 8 8 8 8 8 7 7 6 8 2 8 5 
