3 2 3 2 2 4 5 7 2 8 6 7 7 8 7 2 8 2 0 4 
8 8 8 3 7 4 6 1 1 1 1 1 6 5 8 6 6 6 7 8 
5 0 2 8 5 3 6 6 5 5 6 7 2 8 5 7 7 8 8 6 
3 2 6 2 4 6 6 2 6 8 8 2 2 4 2 1 5 7 3 7 
2 1 6 3 5 8 6 2 6 7 6 4 5 1 7 7 8 2 6 2 
8 1 8 6 2 7 4 6 5 6 6 3 8 1 7 1 1 8 2 2 
8 6 6 6 5 6 5 2 5 6 6 7 6 1 7 0 2 6 7 7 
6 6 5 5 7 2 6 8 6 8 6 6 6 3 1 8 2 2 5 2 
8 6 4 8 8 2 5 6 2 7 2 4 8 5 1 5 6 5 0 7 
6 6 7 3 6 7 6 2 2 4 4 8 6 7 2 6 7 7 3 5 
6 8 7 8 5 6 2 1 8 2 7 6 3 8 2 5 2 6 1 1 
8 8 2 2 8 6 6 1 1 7 2 6 2 4 8 4 6 1 1 1 
6 8 6 6 6 7 6 7 0 6 4 6 7 4 6 7 7 8 2 1 
6 8 2 6 7 6 8 8 6 5 6 6 2 6 4 4 2 4 7 0 
7 7 8 8 5 6 7 6 7 2 3 2 4 2 7 8 7 7 6 7 
7 1 1 8 7 2 6 6 5 6 2 2 2 5 2 7 6 8 5 2 
3 5 1 6 2 8 0 1 2 4 7 2 8 6 2 6 6 6 2 6 
8 2 7 3 2 6 3 0 8 1 7 2 2 2 6 7 6 0 2 6 
8 7 1 8 5 4 1 1 1 3 6 8 2 8 1 8 2 4 7 7 
1 2 1 6 8 6 1 1 1 2 1 7 5 8 1 6 8 8 6 1 
