3 2 6 2 6 4 6 2 6 6 6 2 2 6 2 6 6 6 6 6 2 6 2 7 2 
6 6 7 6 3 6 6 6 6 6 6 6 2 2 6 6 6 2 2 2 6 6 6 0 6 
6 6 2 6 4 6 6 2 2 2 3 2 6 6 2 2 2 6 0 2 6 6 6 3 6 
6 2 2 6 6 2 6 2 6 3 6 6 4 6 6 2 6 2 6 7 6 6 2 3 6 
6 2 2 6 6 4 2 0 2 2 6 2 6 2 2 6 7 2 2 6 2 6 2 6 6 
7 6 6 2 4 7 2 6 2 4 2 3 4 6 6 2 6 2 6 6 6 6 2 7 3 
6 6 6 6 6 6 3 2 6 2 6 2 2 2 6 2 3 6 6 6 6 2 2 6 2 
2 6 3 6 6 2 4 2 6 2 2 4 6 2 6 6 2 6 7 2 7 2 2 2 6 
6 2 2 6 6 6 6 6 2 6 2 6 2 2 6 6 0 2 3 2 2 2 6 2 2 
6 4 7 6 2 2 6 4 2 2 2 2 2 4 4 7 2 4 6 6 2 2 4 2 6 
3 2 6 6 2 6 2 6 2 0 2 3 2 6 6 6 4 6 6 6 2 2 6 2 6 
7 6 6 2 6 6 2 6 0 2 6 2 2 6 3 2 6 6 2 2 2 2 2 6 3 
2 6 6 2 2 2 6 2 2 2 6 6 2 6 2 2 2 6 6 6 2 2 6 6 6 
6 6 7 2 6 2 6 6 2 3 2 2 4 3 6 6 7 6 6 2 6 2 6 2 6 
2 2 2 6 6 2 2 6 6 2 7 2 7 7 6 6 6 6 2 6 6 2 6 6 6 
2 6 6 2 3 2 2 6 6 6 4 6 2 6 2 2 6 2 6 2 6 6 6 6 2 
6 2 6 2 2 2 6 6 6 6 6 6 2 2 6 2 6 4 6 2 6 7 6 6 3 
6 2 2 6 6 6 2 2 6 2 6 2 6 6 6 6 4 3 6 6 2 6 4 6 6 
6 7 6 6 6 6 3 6 2 6 0 2 7 6 6 6 6 6 2 6 6 7 6 6 6 
2 6 2 6 2 6 2 6 6 6 4 7 6 2 2 2 6 6 4 6 6 2 3 2 4 
2 7 6 2 6 2 6 2 6 6 2 6 2 6 2 2 2 6 6 2 4 2 6 2 7 
6 2 2 6 6 4 2 6 2 2 2 2 2 2 4 6 2 6 2 6 2 6 2 6 6 
6 2 6 4 2 4 6 7 2 6 6 3 2 2 6 6 6 2 6 7 2 6 4 6 0 
2 2 2 6 6 2 2 6 4 2 2 2 2 6 2 2 6 6 6 6 6 0 2 6 2 
4 2 4 6 0 7 2 6 6 6 6 0 2 2 6 2 6 4 4 2 2 2 7 6 2 
