0.6766 0.0000 0.0000 0.7043 0.0000 0.0000 0.6681 0.0000 0.0000 0.0000 0.0000 0.0000 0.0000 0.0000 0.0000 0.6698 0.0000 0.2536 0.2563 0.0000 
0.0000 0.6704 0.6685 0.0000 0.6667 0.6659 0.6657 0.6645 0.0000 0.0000 0.0000 0.0000 0.0000 0.0000 0.6659 0.0000 0.6687 0.0000 0.6722 0.2561 
0.8038 0.0000 0.0000 0.6674 0.0000 0.6639 0.6640 0.6633 0.0000 0.6659 0.0000 0.6639 0.6656 0.0000 0.0000 0.7997 0.6664 0.6668 0.0000 0.6711 
0.0000 0.6681 0.0000 0.0000 0.0000 0.0000 0.6664 0.0000 0.6643 0.6659 0.7983 0.6637 0.6653 0.6645 0.6650 0.7992 0.7991 0.6670 0.6696 0.2537 
0.6703 0.0000 0.0000 0.0000 0.0000 0.0000 0.0000 0.0000 0.6634 0.6650 0.6634 0.6640 0.6656 0.0000 0.6639 0.8559 0.7981 0.6653 0.6678 0.0000 
0.0000 0.0000 0.0000 0.0000 0.0000 0.0000 0.0000 0.0000 0.0000 0.7994 0.0000 0.0000 0.6653 0.0000 0.6634 0.6639 0.7985 0.6645 0.6654 0.6674 
0.6687 0.0000 0.0000 0.6657 0.0000 0.0000 0.0000 0.0000 0.6634 0.6650 0.6634 0.7981 0.6643 0.6634 0.0000 0.6653 0.0000 0.6643 0.6651 0.6670 
0.0000 0.6656 0.6646 0.0000 0.6643 0.0000 0.0000 0.0000 0.6643 0.6659 0.7983 0.6637 0.7990 0.6643 0.0000 0.0000 0.0000 0.0000 0.6667 0.2497 
0.6668 0.0000 0.0000 0.7985 0.0000 0.0000 0.6643 0.0000 0.0000 0.6653 0.0000 0.6631 0.6646 0.0000 0.0000 0.0000 0.0000 0.0000 0.0000 0.0000 
0.0000 0.0000 0.6631 0.0000 0.6631 0.6631 0.0000 0.6631 0.0000 0.6659 0.0000 0.0000 0.6653 0.0000 0.0000 0.0000 0.0000 0.0000 0.0000 0.0000 
0.0000 0.0000 0.0000 0.6656 0.0000 0.0000 0.6653 0.0000 0.6634 0.6650 0.6634 0.6640 0.0000 0.6634 0.0000 0.0000 0.0000 0.0000 0.0000 0.0000 
0.0000 0.0000 0.0000 0.6650 0.0000 0.0000 0.6646 0.0000 0.6628 0.6643 0.6628 0.0000 0.6650 0.0000 0.0000 0.0000 0.0000 0.0000 0.6651 0.0000 
0.0000 0.0000 0.6637 0.6643 0.6634 0.6634 0.6640 0.6634 0.0000 0.6662 0.0000 0.0000 0.6656 0.0000 0.0000 0.6653 0.0000 0.6642 0.0000 0.6667 
0.0000 0.0000 0.6643 0.6648 0.6637 0.6637 0.6643 0.6637 0.0000 0.6665 0.0000 0.6643 0.6646 0.6637 0.6640 0.0000 0.6651 0.0000 0.6667 0.0000 
0.0000 0.0000 0.0000 0.7993 0.0000 0.0000 0.6650 0.0000 0.6631 0.6646 0.6631 0.6637 0.6640 0.6631 0.0000 0.6651 0.0000 0.0000 0.0000 0.0000 
0.0000 0.0000 0.6645 0.0000 0.6636 0.0000 0.0000 0.0000 0.6631 0.7985 0.6631 0.0000 0.6653 0.0000 0.0000 0.0000 0.0000 0.0000 0.0000 0.0000 
0.6703 0.0000 0.0000 0.6668 0.0000 0.0000 0.6654 0.0000 0.6634 0.6650 0.6634 0.0000 0.6656 0.0000 0.0000 0.6660 0.0000 0.0000 0.0000 0.0000 
0.6706 0.6679 0.0000 0.0000 0.0000 0.6646 0.0000 0.6640 0.0000 0.6665 0.0000 0.6645 0.0000 0.6642 0.6650 0.0000 0.6670 0.0000 0.0000 0.2540 
0.6719 0.6687 0.0000 0.6687 0.0000 0.0000 0.6662 0.0000 0.0000 0.0000 0.0000 0.0000 0.6662 0.0000 0.0000 0.6674 0.0000 0.6681 0.6709 0.2550 
0.6768 0.0000 0.6703 0.0000 0.6684 0.0000 0.0000 0.0000 0.0000 0.0000 0.0000 0.0000 0.0000 0.0000 0.0000 0.0000 0.6707 0.6700 0.6733 0.6763 
