0.0000 0.3005 0.0000 0.0000 0.0000 0.0000 0.0000 0.0000 0.0000 0.0000 0.0000 0.3009 0.3015 0.0000 0.3024 0.0000 0.0000 0.0000 0.0000 0.3021 0.3013 0.3009 0.0000 0.3003 0.0000 
0.3001 0.0000 0.2999 0.0000 0.0000 0.0000 0.0000 0.0000 0.0000 0.0000 0.3007 0.0000 0.3011 0.3019 0.0000 0.0000 0.0000 0.0000 0.3013 0.3015 0.3017 0.3015 0.0000 0.0000 0.0000 
0.0000 0.4617 0.3003 0.0000 0.0000 0.0000 0.0000 0.0000 0.3011 0.0000 0.0000 0.3013 0.0000 0.0000 0.0000 0.0000 0.0000 0.0000 0.0000 0.3015 0.4637 0.0000 0.0000 0.0000 0.0000 
0.4612 0.2994 0.3001 0.3005 0.0000 0.0000 0.0000 0.4633 0.0000 0.3009 0.0000 0.0000 0.0000 0.3017 0.0000 0.0000 0.0000 0.0000 0.0000 0.3017 0.0000 0.3038 0.0000 0.0000 0.0000 
0.0000 0.4610 0.3003 0.0000 0.0000 0.3009 0.3017 0.3007 0.4628 0.0000 0.0000 0.0000 0.3017 0.0000 0.3013 0.3001 0.0000 0.0000 0.0000 0.0000 0.3026 0.0000 0.0000 0.0000 0.2992 
0.2992 0.0000 0.3003 0.2999 0.3007 0.0000 0.4631 0.3015 0.3011 0.0000 0.0000 0.0000 0.0000 0.3011 0.3011 0.0000 0.2999 0.0000 0.0000 0.3019 0.3019 0.0000 0.0000 0.0000 0.0000 
0.2988 0.2986 0.2988 0.4610 0.2999 0.3003 0.0000 0.3011 0.0000 0.0000 0.0000 0.3009 0.0000 0.0000 0.0000 0.2996 0.0000 0.0000 0.3015 0.3019 0.3015 0.3015 0.3007 0.0000 0.0000 
0.0000 0.2990 0.4603 0.2986 0.2996 0.0000 0.0000 0.0000 0.0000 0.0000 0.4617 0.0000 0.4621 0.0000 0.0000 0.0000 0.0000 0.0000 0.0000 0.3019 0.3015 0.4626 0.0000 0.2997 0.2994 
0.4599 0.0000 0.2990 0.2992 0.0000 0.3001 0.3005 0.0000 0.0000 0.3011 0.0000 0.5629 0.0000 0.3009 0.0000 0.0000 0.0000 0.0000 0.0000 0.0000 0.3009 0.3001 0.4610 0.0000 0.2990 
0.2997 0.4617 0.0000 0.3003 0.3005 0.3001 0.2999 0.3009 0.0000 0.0000 0.3015 0.0000 0.3007 0.0000 0.3005 0.0000 0.0000 0.0000 0.0000 0.0000 0.2999 0.2996 0.2990 0.2992 0.2990 
0.2997 0.0000 0.3001 0.3007 0.2999 0.4615 0.4619 0.0000 0.0000 0.0000 0.3015 0.0000 0.0000 0.4626 0.3003 0.3007 0.0000 0.0000 0.0000 0.0000 0.0000 0.2996 0.0000 0.0000 0.2992 
0.0000 0.0000 0.3009 0.3001 0.5613 0.4612 0.3001 0.3009 0.3019 0.3021 0.3015 0.3021 0.3009 0.3009 0.4621 0.3011 0.0000 0.0000 0.0000 0.3003 0.0000 0.0000 0.0000 0.0000 0.2997 
0.3001 0.0000 0.0000 0.4612 0.2990 0.4612 0.2999 0.3005 0.0000 0.4626 0.3007 0.3007 0.0000 0.3007 0.3013 0.0000 0.0000 0.3001 0.2999 0.0000 0.3001 0.0000 0.0000 0.2999 0.0000 
0.0000 0.2999 0.0000 0.0000 0.2996 0.0000 0.0000 0.0000 0.2997 0.0000 0.3007 0.0000 0.0000 0.0000 0.0000 0.0000 0.2999 0.0000 0.4606 0.2997 0.0000 0.0000 0.0000 0.0000 0.2999 
0.2996 0.0000 0.2999 0.0000 0.0000 0.0000 0.0000 0.0000 0.0000 0.2996 0.0000 0.0000 0.0000 0.0000 0.0000 0.0000 0.0000 0.4617 0.0000 0.2996 0.0000 0.0000 0.0000 0.0000 0.0000 
0.0000 0.2997 0.0000 0.0000 0.0000 0.0000 0.0000 0.0000 0.4606 0.0000 0.2999 0.0000 0.0000 0.0000 0.0000 0.3005 0.0000 0.0000 0.3003 0.0000 0.0000 0.0000 0.0000 0.0000 0.0000 
0.0000 0.0000 0.0000 0.0000 0.0000 0.0000 0.0000 0.4610 0.2988 0.5609 0.0000 0.0000 0.0000 0.0000 0.3019 0.0000 0.3009 0.0000 0.0000 0.0000 0.3009 0.2999 0.0000 0.0000 0.0000 
0.0000 0.2999 0.0000 0.0000 0.0000 0.0000 0.3005 0.3001 0.6319 0.3005 0.3011 0.0000 0.0000 0.3011 0.0000 0.3021 0.0000 0.0000 0.0000 0.3003 0.4624 0.2999 0.3003 0.0000 0.0000 
0.2999 0.0000 0.3007 0.0000 0.0000 0.0000 0.0000 0.4619 0.4621 0.4626 0.0000 0.0000 0.3019 0.0000 0.3023 0.0000 0.0000 0.3011 0.3011 0.3001 0.3005 0.4631 0.0000 0.3001 0.0000 
0.0000 0.3005 0.0000 0.0000 0.0000 0.3001 0.0000 0.3007 0.3005 0.3009 0.0000 0.0000 0.3034 0.3026 0.0000 0.0000 0.3019 0.3009 0.3013 0.4626 0.3001 0.0000 0.4624 0.0000 0.2997 
0.0000 0.0000 0.0000 0.3001 0.4612 0.3001 0.3003 0.0000 0.3003 0.0000 0.0000 0.3021 0.0000 0.3021 0.0000 0.0000 0.0000 0.3023 0.4628 0.3007 0.3013 0.3007 0.3007 0.4624 0.0000 
0.0000 0.0000 0.3011 0.2999 0.4608 0.4612 0.3001 0.0000 0.0000 0.0000 0.0000 0.0000 0.3017 0.0000 0.3023 0.0000 0.0000 0.0000 0.4624 0.3009 0.3011 0.3003 0.3003 0.3005 0.0000 
0.0000 0.0000 0.0000 0.3003 0.4612 0.3003 0.0000 0.0000 0.0000 0.0000 0.0000 0.0000 0.0000 0.3015 0.3024 0.3023 0.0000 0.3015 0.0000 0.4626 0.0000 0.3007 0.4612 0.0000 0.0000 
0.0000 0.0000 0.0000 0.3005 0.0000 0.3003 0.0000 0.0000 0.0000 0.0000 0.0000 0.0000 0.0000 0.3026 0.3019 0.3021 0.0000 0.0000 0.3009 0.0000 0.3017 0.4610 0.2996 0.4612 0.0000 
0.0000 0.0000 0.0000 0.0000 0.3011 0.0000 0.0000 0.0000 0.0000 0.0000 0.0000 0.0000 0.0000 0.3026 0.3024 0.0000 0.0000 0.0000 0.0000 0.0000 0.3017 0.3003 0.5620 0.0000 0.3001 
