0.3150 0.4788 0.0000 0.3135 0.0000 0.0000 0.3131 0.0000 0.0000 0.0000 0.0000 0.0000 0.0000 0.0000 0.0000 0.0000 0.0000 0.4779 0.3148 0.4798 
0.5797 0.4786 0.3146 0.0000 0.3123 0.4767 0.3121 0.3131 0.0000 0.0000 0.0000 0.0000 0.0000 0.0000 0.0000 0.0000 0.3129 0.0000 0.4786 0.3146 
0.4796 0.3148 0.3144 0.3137 0.3117 0.4748 0.4750 0.3119 0.0000 0.3123 0.0000 0.0000 0.0000 0.0000 0.0000 0.3135 0.3133 0.4774 0.3150 0.4788 
0.3144 0.3144 0.3146 0.0000 0.3125 0.3125 0.3121 0.0000 0.3125 0.0000 0.3129 0.0000 0.0000 0.0000 0.3131 0.3123 0.5762 0.4764 0.4774 0.3139 
0.0000 0.3146 0.0000 0.3139 0.0000 0.0000 0.0000 0.0000 0.3125 0.3129 0.3144 0.0000 0.0000 0.0000 0.0000 0.4781 0.4767 0.4769 0.3144 0.3148 
0.0000 0.0000 0.3144 0.0000 0.0000 0.0000 0.0000 0.3123 0.0000 0.4767 0.0000 0.3146 0.0000 0.0000 0.0000 0.3146 0.3135 0.3139 0.0000 0.0000 
0.3137 0.0000 0.3144 0.0000 0.3131 0.0000 0.0000 0.0000 0.3133 0.3131 0.3142 0.0000 0.0000 0.3156 0.0000 0.0000 0.4776 0.3139 0.0000 0.0000 
0.3121 0.4764 0.0000 0.4764 0.0000 0.3131 0.0000 0.0000 0.3125 0.0000 0.3137 0.0000 0.3142 0.0000 0.3146 0.3142 0.3121 0.3123 0.3133 0.3121 
0.3125 0.3137 0.3135 0.3127 0.4767 0.0000 0.0000 0.0000 0.0000 0.3133 0.0000 0.3148 0.3152 0.3158 0.0000 0.0000 0.4767 0.4762 0.0000 0.3129 
0.3127 0.0000 0.3127 0.3125 0.3129 0.3133 0.0000 0.0000 0.3135 0.0000 0.3139 0.3142 0.3144 0.3144 0.3146 0.3142 0.3123 0.3123 0.3123 0.0000 
0.0000 0.0000 0.0000 0.3137 0.3133 0.3135 0.0000 0.3144 0.0000 0.3152 0.0000 0.4791 0.3148 0.3148 0.0000 0.3135 0.3123 0.3123 0.0000 0.0000 
0.0000 0.0000 0.0000 0.3129 0.4776 0.0000 0.4774 0.0000 0.3152 0.0000 0.3162 0.0000 0.3156 0.0000 0.3139 0.0000 0.0000 0.3125 0.0000 0.0000 
0.0000 0.0000 0.3135 0.4762 0.3131 0.5793 0.3142 0.3148 0.0000 0.0000 0.0000 0.3162 0.0000 0.0000 0.3137 0.0000 0.3117 0.0000 0.3115 0.0000 
0.0000 0.0000 0.3137 0.3135 0.4781 0.3150 0.3152 0.4796 0.0000 0.0000 0.3162 0.0000 0.3169 0.3158 0.0000 0.3133 0.0000 0.3103 0.0000 0.0000 
0.0000 0.0000 0.0000 0.3133 0.0000 0.0000 0.5795 0.3148 0.4798 0.3162 0.0000 0.4808 0.0000 0.3152 0.3135 0.0000 0.0000 0.0000 0.0000 0.0000 
0.0000 0.0000 0.0000 0.0000 0.0000 0.3148 0.3146 0.5807 0.3152 0.4803 0.4796 0.0000 0.3158 0.0000 0.0000 0.0000 0.0000 0.0000 0.0000 0.0000 
0.0000 0.0000 0.0000 0.0000 0.0000 0.0000 0.4783 0.3154 0.4798 0.3154 0.3144 0.3148 0.0000 0.0000 0.0000 0.3127 0.0000 0.0000 0.3119 0.0000 
0.0000 0.3127 0.0000 0.0000 0.3144 0.3154 0.0000 0.3148 0.0000 0.3152 0.4793 0.0000 0.0000 0.0000 0.3146 0.0000 0.3137 0.3121 0.0000 0.3129 
0.3135 0.0000 0.3139 0.4781 0.0000 0.3137 0.3129 0.0000 0.0000 0.3142 0.0000 0.3139 0.0000 0.0000 0.0000 0.3135 0.0000 0.3133 0.4771 0.0000 
0.3154 0.3139 0.3137 0.0000 0.4781 0.0000 0.0000 0.0000 0.0000 0.0000 0.3129 0.0000 0.0000 0.0000 0.0000 0.0000 0.3133 0.3131 0.3137 0.3148 
