0.0000 0.0000 0.3033 0.3033 0.0000 0.0000 0.0000 0.3033 0.3045 0.3045 0.0000 0.3035 0.3039 0.3043 0.3043 0.0000 0.3039 0.3037 0.3045 0.0000 
0.0000 0.3035 0.0000 0.3029 0.0000 0.0000 0.3035 0.0000 0.3041 0.0000 0.3045 0.3045 0.0000 0.3043 0.3045 0.3051 0.3049 0.0000 0.3043 0.0000 
0.0000 0.0000 0.3039 0.0000 0.0000 0.0000 0.0000 0.3043 0.0000 0.0000 0.0000 0.3051 0.3049 0.3053 0.0000 0.3049 0.0000 0.3049 0.0000 0.0000 
0.0000 0.0000 0.0000 0.0000 0.0000 0.0000 0.0000 0.0000 0.0000 0.0000 0.3055 0.0000 0.3053 0.0000 0.3047 0.0000 0.0000 0.0000 0.3047 0.0000 
0.3045 0.0000 0.0000 0.0000 0.0000 0.3043 0.0000 0.0000 0.0000 0.0000 0.3061 0.3053 0.0000 0.0000 0.0000 0.0000 0.0000 0.3043 0.0000 0.3055 
0.0000 0.3049 0.3041 0.0000 0.3037 0.0000 0.3045 0.3043 0.0000 0.3053 0.0000 0.3049 0.3051 0.0000 0.0000 0.0000 0.0000 0.3041 0.3043 0.3041 
0.3039 0.3045 0.0000 0.3041 0.3043 0.3043 0.3047 0.0000 0.3049 0.3051 0.3053 0.3047 0.0000 0.3045 0.3037 0.0000 0.3033 0.0000 0.3041 0.0000 
0.0000 0.0000 0.3049 0.3049 0.0000 0.3045 0.3047 0.3053 0.3053 0.0000 0.3051 0.3049 0.3041 0.3041 0.0000 0.3037 0.0000 0.3035 0.0000 0.0000 
0.0000 0.0000 0.0000 0.3049 0.3053 0.3049 0.0000 0.3053 0.3053 0.3057 0.3053 0.0000 0.3045 0.0000 0.3037 0.0000 0.0000 0.0000 0.0000 0.0000 
0.0000 0.0000 0.3055 0.0000 0.3053 0.3055 0.3057 0.3057 0.0000 0.3053 0.0000 0.3047 0.0000 0.0000 0.0000 0.0000 0.0000 0.0000 0.0000 0.0000 
0.0000 0.0000 0.0000 0.3057 0.3059 0.0000 0.3059 0.0000 0.3057 0.0000 0.0000 0.0000 0.0000 0.0000 0.0000 0.0000 0.0000 0.0000 0.0000 0.0000 
0.0000 0.0000 0.0000 0.0000 0.3061 0.3057 0.0000 0.0000 0.0000 0.0000 0.0000 0.0000 0.0000 0.0000 0.3041 0.0000 0.0000 0.0000 0.0000 0.3045 
0.3047 0.0000 0.0000 0.3047 0.0000 0.3055 0.3049 0.0000 0.0000 0.0000 0.0000 0.3045 0.0000 0.3045 0.0000 0.3043 0.3039 0.0000 0.3049 0.0000 
0.0000 0.0000 0.0000 0.0000 0.3049 0.3049 0.0000 0.3055 0.0000 0.0000 0.3047 0.0000 0.3045 0.3041 0.3041 0.3045 0.0000 0.3047 0.0000 0.3047 
0.0000 0.0000 0.0000 0.0000 0.0000 0.3047 0.3047 0.0000 0.0000 0.0000 0.0000 0.3043 0.3045 0.0000 0.3045 0.3047 0.3045 0.0000 0.0000 0.0000 
0.0000 0.0000 0.3047 0.0000 0.3043 0.0000 0.3045 0.3045 0.0000 0.0000 0.0000 0.0000 0.0000 0.3045 0.3041 0.0000 0.3045 0.3045 0.0000 0.0000 
0.0000 0.3043 0.0000 0.3037 0.3041 0.3041 0.3039 0.0000 0.3043 0.0000 0.0000 0.0000 0.0000 0.0000 0.3043 0.3043 0.3041 0.0000 0.3047 0.3043 
0.3043 0.3047 0.3037 0.3039 0.0000 0.3039 0.3039 0.3039 0.0000 0.0000 0.0000 0.3041 0.0000 0.3039 0.0000 0.3039 0.3041 0.3043 0.3039 0.0000 
0.3037 0.0000 0.3037 0.3041 0.3035 0.3033 0.0000 0.3029 0.3035 0.0000 0.3035 0.0000 0.3039 0.3039 0.3039 0.3041 0.0000 0.3043 0.3041 0.3037 
0.0000 0.3035 0.3031 0.0000 0.3031 0.0000 0.3031 0.3031 0.0000 0.3037 0.3035 0.3035 0.3043 0.0000 0.3041 0.3039 0.3041 0.3045 0.0000 0.3041 
