0.3125 0.3113 0.0000 0.3101 0.0000 0.0000 0.3088 0.0000 0.0000 0.0000 0.0000 0.0000 0.0000 0.0000 0.0000 0.0000 0.0000 0.3113 0.3121 0.3123 
0.4750 0.4738 0.3107 0.0000 0.0000 0.4722 0.0000 0.3101 0.0000 0.0000 0.0000 0.0000 0.0000 0.0000 0.0000 0.0000 0.3103 0.0000 0.4745 0.3109 
0.4752 0.3105 0.3105 0.0000 0.3084 0.0000 0.4712 0.0000 0.0000 0.3096 0.0000 0.0000 0.0000 0.0000 0.0000 0.3103 0.0000 0.4736 0.0000 0.4748 
0.3105 0.3103 0.3103 0.0000 0.0000 0.3094 0.0000 0.0000 0.3092 0.0000 0.3094 0.0000 0.0000 0.0000 0.3105 0.0000 0.4733 0.0000 0.4741 0.0000 
0.0000 0.3098 0.0000 0.3101 0.0000 0.0000 0.0000 0.0000 0.3090 0.3090 0.3105 0.0000 0.0000 0.0000 0.0000 0.3113 0.3107 0.3103 0.0000 0.3105 
0.0000 0.0000 0.3098 0.0000 0.0000 0.0000 0.0000 0.3090 0.0000 0.4724 0.0000 0.3107 0.0000 0.0000 0.0000 0.3115 0.0000 0.3107 0.0000 0.0000 
0.3090 0.0000 0.3092 0.0000 0.3094 0.0000 0.0000 0.0000 0.3094 0.3092 0.3101 0.0000 0.0000 0.3119 0.0000 0.0000 0.4743 0.3101 0.0000 0.0000 
0.0000 0.4708 0.0000 0.4715 0.0000 0.3092 0.0000 0.0000 0.3082 0.0000 0.3094 0.0000 0.3105 0.0000 0.3111 0.3111 0.3103 0.3092 0.3096 0.3086 
0.3076 0.0000 0.3084 0.3080 0.4710 0.0000 0.0000 0.0000 0.0000 0.3088 0.0000 0.3103 0.0000 0.3117 0.0000 0.0000 0.4733 0.4724 0.0000 0.0000 
0.0000 0.0000 0.3080 0.3080 0.3080 0.3084 0.0000 0.0000 0.0000 0.0000 0.3096 0.0000 0.3098 0.0000 0.3111 0.3113 0.3094 0.3088 0.3090 0.0000 
0.0000 0.0000 0.0000 0.3088 0.3086 0.3088 0.0000 0.0000 0.3101 0.0000 0.0000 0.4741 0.0000 0.3109 0.0000 0.3101 0.3088 0.3090 0.0000 0.0000 
0.0000 0.0000 0.0000 0.3080 0.4715 0.0000 0.4712 0.3090 0.0000 0.3111 0.3111 0.0000 0.3113 0.0000 0.3101 0.0000 0.0000 0.3098 0.0000 0.0000 
0.0000 0.0000 0.3090 0.4708 0.3082 0.5732 0.3088 0.3092 0.3105 0.0000 0.0000 0.3117 0.0000 0.0000 0.3103 0.0000 0.3086 0.0000 0.3086 0.0000 
0.0000 0.0000 0.3096 0.3090 0.4724 0.3098 0.3101 0.4733 0.0000 0.0000 0.3111 0.0000 0.3119 0.3115 0.0000 0.3103 0.0000 0.3080 0.0000 0.0000 
0.0000 0.0000 0.0000 0.3094 0.0000 0.0000 0.4729 0.0000 0.4733 0.3111 0.0000 0.4748 0.0000 0.3109 0.3101 0.0000 0.0000 0.0000 0.0000 0.0000 
0.0000 0.3082 0.0000 0.0000 0.0000 0.0000 0.0000 0.4741 0.0000 0.4738 0.4738 0.0000 0.3111 0.0000 0.0000 0.0000 0.0000 0.0000 0.0000 0.0000 
0.3092 0.0000 0.3101 0.0000 0.0000 0.0000 0.3094 0.0000 0.4738 0.3105 0.3096 0.3101 0.0000 0.0000 0.0000 0.3098 0.0000 0.0000 0.3092 0.3086 
0.3098 0.4722 0.0000 0.0000 0.3101 0.3107 0.0000 0.3105 0.0000 0.3107 0.4736 0.0000 0.0000 0.0000 0.3107 0.0000 0.3107 0.3094 0.3090 0.3092 
0.3107 0.0000 0.3103 0.4736 0.0000 0.3096 0.3086 0.0000 0.0000 0.3101 0.0000 0.3101 0.0000 0.0000 0.0000 0.3098 0.0000 0.0000 0.4738 0.3096 
0.0000 0.3103 0.3105 0.0000 0.4733 0.0000 0.0000 0.0000 0.0000 0.0000 0.3096 0.0000 0.0000 0.0000 0.0000 0.0000 0.0000 0.3105 0.0000 0.3117 
