0.3016 0.0000 0.0000 0.4623 0.0000 0.0000 0.3006 0.0000 0.0000 0.0000 0.0000 0.0000 0.0000 0.0000 0.0000 0.3010 0.0000 0.0000 0.3022 0.0000 
0.0000 0.3014 0.3014 0.0000 0.3003 0.3003 0.0000 0.2999 0.0000 0.0000 0.0000 0.0000 0.0000 0.0000 0.3010 0.0000 0.3020 0.0000 0.3008 0.3020 
0.4625 0.0000 0.0000 0.3003 0.0000 0.0000 0.2991 0.0000 0.0000 0.2993 0.0000 0.0000 0.2999 0.0000 0.0000 0.4621 0.0000 0.3018 0.3008 0.3020 
0.0000 0.3008 0.0000 0.0000 0.0000 0.0000 0.2986 0.0000 0.2993 0.2987 0.2993 0.3001 0.0000 0.3006 0.3008 0.2999 0.3004 0.3008 0.3003 0.4634 
0.2999 0.0000 0.0000 0.0000 0.0000 0.2995 0.0000 0.2989 0.2989 0.2982 0.3003 0.0000 0.2999 0.0000 0.3012 0.4623 0.3016 0.0000 0.4621 0.0000 
0.0000 0.0000 0.0000 0.0000 0.0000 0.0000 0.2997 0.0000 0.0000 0.4600 0.0000 0.0000 0.3004 0.0000 0.3012 0.3008 0.3016 0.3016 0.2999 0.3004 
0.2999 0.0000 0.0000 0.2993 0.0000 0.0000 0.0000 0.0000 0.3004 0.2987 0.3003 0.2997 0.2997 0.3010 0.0000 0.3001 0.0000 0.3012 0.2999 0.3006 
0.2995 0.3004 0.3001 0.0000 0.3004 0.0000 0.0000 0.0000 0.3001 0.2995 0.3004 0.3004 0.2995 0.3006 0.0000 0.0000 0.0000 0.0000 0.2999 0.3010 
0.2995 0.3003 0.0000 0.4616 0.0000 0.0000 0.3008 0.0000 0.0000 0.2997 0.0000 0.0000 0.2999 0.0000 0.0000 0.0000 0.0000 0.0000 0.0000 0.3004 
0.2997 0.0000 0.3012 0.0000 0.3018 0.3012 0.0000 0.3018 0.0000 0.2997 0.0000 0.0000 0.2999 0.0000 0.0000 0.0000 0.0000 0.0000 0.0000 0.0000 
0.0000 0.0000 0.0000 0.3006 0.0000 0.0000 0.3010 0.0000 0.3016 0.2997 0.3018 0.3010 0.0000 0.3008 0.0000 0.0000 0.0000 0.0000 0.0000 0.0000 
0.0000 0.0000 0.0000 0.3006 0.0000 0.0000 0.3010 0.0000 0.3020 0.3006 0.3018 0.0000 0.3006 0.0000 0.0000 0.0000 0.0000 0.0000 0.3003 0.0000 
0.0000 0.0000 0.3004 0.2997 0.3014 0.3014 0.3003 0.3014 0.0000 0.3004 0.0000 0.0000 0.3004 0.0000 0.0000 0.2997 0.0000 0.2995 0.0000 0.3001 
0.0000 0.0000 0.3014 0.3004 0.3018 0.3012 0.3004 0.3012 0.0000 0.3004 0.0000 0.3016 0.3004 0.3006 0.3004 0.0000 0.2997 0.0000 0.2991 0.0000 
0.0000 0.0000 0.0000 0.4623 0.0000 0.0000 0.3010 0.0000 0.3012 0.3003 0.3016 0.3014 0.3003 0.3006 0.0000 0.2999 0.0000 0.0000 0.0000 0.0000 
0.0000 0.0000 0.3012 0.0000 0.3016 0.0000 0.0000 0.0000 0.3016 0.4616 0.3012 0.0000 0.3006 0.0000 0.0000 0.0000 0.0000 0.0000 0.0000 0.0000 
0.3001 0.0000 0.0000 0.3004 0.0000 0.0000 0.3012 0.0000 0.3016 0.2999 0.3006 0.0000 0.3004 0.0000 0.0000 0.3012 0.0000 0.0000 0.0000 0.0000 
0.2999 0.3010 0.0000 0.0000 0.0000 0.3016 0.0000 0.3010 0.0000 0.2995 0.0000 0.3008 0.0000 0.3004 0.3012 0.0000 0.3014 0.0000 0.0000 0.3008 
0.3008 0.3014 0.0000 0.3010 0.0000 0.0000 0.3004 0.0000 0.0000 0.0000 0.0000 0.0000 0.3001 0.0000 0.0000 0.3006 0.0000 0.0000 0.3004 0.3016 
0.3014 0.0000 0.3012 0.0000 0.3016 0.0000 0.0000 0.0000 0.0000 0.0000 0.0000 0.0000 0.0000 0.0000 0.0000 0.0000 0.0000 0.3020 0.0000 0.3022 
