0.0000 0.0000 0.3082 0.3080 0.0000 0.0000 0.0000 0.3076 0.3094 0.3092 0.3070 0.3078 0.3082 0.3090 0.3088 0.0000 0.3092 0.3084 0.3090 0.0000 
0.0000 0.3082 0.0000 0.3078 0.0000 0.0000 0.3078 0.0000 0.3092 0.0000 0.3090 0.3086 0.0000 0.3086 0.3084 0.3094 0.3094 0.0000 0.3084 0.0000 
0.0000 0.0000 0.3088 0.0000 0.0000 0.0000 0.0000 0.3088 0.0000 0.0000 0.0000 0.3094 0.3092 0.3094 0.0000 0.3090 0.0000 0.3088 0.0000 0.0000 
0.0000 0.0000 0.0000 0.0000 0.0000 0.0000 0.0000 0.0000 0.0000 0.0000 0.3098 0.0000 0.3098 0.0000 0.3086 0.0000 0.0000 0.0000 0.3088 0.0000 
0.3094 0.0000 0.0000 0.0000 0.0000 0.3088 0.0000 0.0000 0.0000 0.0000 0.3103 0.3094 0.0000 0.0000 0.0000 0.0000 0.0000 0.3084 0.0000 0.3096 
0.0000 0.3098 0.3092 0.0000 0.3092 0.0000 0.3086 0.3086 0.0000 0.3098 0.0000 0.3094 0.3096 0.0000 0.0000 0.0000 0.0000 0.3086 0.3088 0.3086 
0.3084 0.3090 0.0000 0.3086 0.3088 0.3090 0.3086 0.0000 0.3096 0.3090 0.3094 0.4719 0.0000 0.3088 0.3082 0.0000 0.3078 0.0000 0.3088 0.0000 
0.0000 0.0000 0.3090 0.3092 0.0000 0.3088 0.0000 0.3090 0.3092 0.0000 0.4722 0.3084 0.4710 0.3084 0.0000 0.3086 0.0000 0.3084 0.0000 0.0000 
0.0000 0.0000 0.0000 0.3092 0.3090 0.0000 0.0000 0.0000 0.3092 0.3101 0.3096 0.3076 0.3084 0.0000 0.3086 0.0000 0.0000 0.0000 0.0000 0.0000 
0.0000 0.0000 0.3098 0.0000 0.3088 0.3088 0.0000 0.3092 0.0000 0.3090 0.0000 0.3086 0.0000 0.0000 0.0000 0.0000 0.0000 0.0000 0.0000 0.0000 
0.0000 0.0000 0.0000 0.3096 0.3096 0.0000 0.3094 0.0000 0.3094 0.0000 0.0000 0.0000 0.0000 0.0000 0.0000 0.0000 0.0000 0.0000 0.0000 0.3096 
0.3103 0.0000 0.0000 0.0000 0.3098 0.3090 0.0000 0.0000 0.0000 0.0000 0.0000 0.0000 0.0000 0.0000 0.3090 0.0000 0.0000 0.0000 0.3101 0.3101 
0.3098 0.0000 0.0000 0.3098 0.0000 0.3090 0.3084 0.0000 0.0000 0.0000 0.0000 0.3088 0.0000 0.3092 0.0000 0.3096 0.3090 0.0000 0.3098 0.3086 
0.0000 0.0000 0.0000 0.0000 0.3090 0.3082 0.0000 0.3088 0.0000 0.0000 0.3086 0.0000 0.3086 0.3086 0.3086 0.3096 0.0000 0.3096 0.0000 0.3096 
0.0000 0.0000 0.0000 0.0000 0.0000 0.3086 0.3084 0.0000 0.0000 0.0000 0.0000 0.3080 0.3084 0.0000 0.3084 0.3090 0.3090 0.0000 0.0000 0.0000 
0.0000 0.0000 0.3090 0.0000 0.3082 0.3070 0.3080 0.3070 0.0000 0.0000 0.0000 0.0000 0.0000 0.3082 0.3080 0.0000 0.3088 0.3088 0.0000 0.0000 
0.0000 0.3084 0.0000 0.3080 0.4710 0.3072 0.4703 0.0000 0.3074 0.0000 0.0000 0.0000 0.0000 0.0000 0.3080 0.3086 0.3086 0.0000 0.4722 0.3086 
0.3086 0.3086 0.3078 0.3082 0.0000 0.4705 0.3074 0.3076 0.0000 0.0000 0.0000 0.3074 0.0000 0.3074 0.3070 0.3080 0.3084 0.4715 0.3078 0.3074 
0.3082 0.0000 0.3078 0.3084 0.3078 0.3074 0.0000 0.3070 0.3074 0.0000 0.4694 0.0000 0.3076 0.4703 0.3074 0.4712 0.0000 0.3086 0.4715 0.3080 
0.0000 0.3074 0.3074 0.0000 0.3076 0.0000 0.3070 0.3072 0.0000 0.4710 0.3070 0.4703 0.3082 0.0000 0.4703 0.3086 0.3088 0.3088 0.0000 0.3088 
