0.0000 0.0000 0.3066 0.3068 0.0000 0.0000 0.3072 0.3065 0.4710 0.4708 0.3059 0.3068 0.4698 0.3080 0.3072 0.0000 0.3070 0.3068 0.3070 0.0000 
0.0000 0.3076 0.0000 0.3068 0.0000 0.0000 0.3074 0.3065 0.3080 0.0000 0.3082 0.3080 0.0000 0.3080 0.3070 0.3082 0.3080 0.0000 0.3072 0.0000 
0.0000 0.0000 0.3088 0.0000 0.0000 0.0000 0.0000 0.3080 0.0000 0.0000 0.0000 0.0000 0.3082 0.3084 0.0000 0.3084 0.0000 0.3080 0.0000 0.0000 
0.0000 0.0000 0.0000 0.0000 0.0000 0.0000 0.0000 0.0000 0.0000 0.0000 0.0000 0.0000 0.0000 0.0000 0.3078 0.0000 0.0000 0.0000 0.3084 0.0000 
0.3098 0.0000 0.0000 0.0000 0.0000 0.3088 0.0000 0.0000 0.0000 0.0000 0.3096 0.0000 0.0000 0.0000 0.0000 0.0000 0.0000 0.3078 0.0000 0.3098 
0.0000 0.3098 0.3092 0.0000 0.3086 0.0000 0.4722 0.3082 0.0000 0.3092 0.0000 0.3086 0.3084 0.0000 0.0000 0.0000 0.0000 0.3080 0.3086 0.3086 
0.3086 0.3088 0.0000 0.3086 0.3088 0.4719 0.3084 0.3072 0.3088 0.3084 0.3086 0.4708 0.0000 0.3074 0.3070 0.0000 0.3068 0.0000 0.3084 0.0000 
0.0000 0.0000 0.3092 0.3090 0.0000 0.3086 0.3086 0.3088 0.3088 0.0000 0.4715 0.3076 0.4698 0.3072 0.0000 0.3072 0.0000 0.3074 0.0000 0.0000 
0.0000 0.0000 0.0000 0.3101 0.3096 0.0000 0.0000 0.0000 0.3090 0.3096 0.3090 0.3072 0.3078 0.0000 0.3076 0.0000 0.0000 0.0000 0.0000 0.0000 
0.0000 0.0000 0.3103 0.0000 0.3090 0.3090 0.0000 0.3094 0.0000 0.3086 0.0000 0.3082 0.0000 0.0000 0.0000 0.0000 0.0000 0.0000 0.0000 0.0000 
0.0000 0.0000 0.0000 0.3101 0.3101 0.0000 0.3094 0.0000 0.3088 0.0000 0.0000 0.0000 0.0000 0.0000 0.0000 0.0000 0.0000 0.0000 0.0000 0.3090 
0.3101 0.0000 0.0000 0.0000 0.3101 0.3092 0.0000 0.0000 0.0000 0.0000 0.0000 0.0000 0.0000 0.0000 0.3082 0.0000 0.0000 0.0000 0.3092 0.3092 
0.3098 0.0000 0.0000 0.3098 0.0000 0.3092 0.3086 0.0000 0.0000 0.0000 0.0000 0.3080 0.0000 0.3086 0.0000 0.3086 0.3080 0.0000 0.3092 0.3080 
0.0000 0.0000 0.0000 0.0000 0.3090 0.3082 0.0000 0.3084 0.0000 0.0000 0.3082 0.0000 0.3084 0.3080 0.3074 0.3086 0.0000 0.3088 0.0000 0.3088 
0.0000 0.0000 0.0000 0.0000 0.0000 0.3082 0.3082 0.0000 0.0000 0.0000 0.0000 0.3076 0.3078 0.0000 0.3078 0.3082 0.3082 0.0000 0.0000 0.0000 
0.0000 0.0000 0.3084 0.0000 0.3080 0.3068 0.3078 0.3072 0.0000 0.0000 0.0000 0.0000 0.0000 0.3076 0.3074 0.0000 0.3080 0.0000 0.0000 0.0000 
0.0000 0.3072 0.0000 0.3072 0.4696 0.3065 0.4696 0.0000 0.3068 0.0000 0.0000 0.0000 0.0000 0.0000 0.3068 0.3078 0.0000 0.0000 0.3076 0.3076 
0.3072 0.3072 0.3068 0.3070 0.0000 0.4694 0.3070 0.3068 0.0000 0.0000 0.0000 0.3072 0.0000 0.3066 0.3059 0.3070 0.3072 0.3072 0.3065 0.3059 
0.3066 0.0000 0.3066 0.3068 0.3066 0.3061 0.0000 0.3061 0.3068 0.3063 0.4689 0.0000 0.4696 0.4696 0.3065 0.4701 0.0000 0.3065 0.4694 0.3065 
0.0000 0.3065 0.3061 0.0000 0.3066 0.0000 0.3061 0.4684 0.3053 0.4687 0.4684 0.5702 0.3068 0.3061 0.4687 0.3068 0.3065 0.3070 0.0000 0.3068 
