0.0000 0.0000 0.6725 0.2541 0.0000 0.0000 0.6700 0.6689 0.7028 0.7028 0.2512 0.6698 0.7033 0.2532 0.6725 0.0000 0.6714 0.6736 0.2579 0.0000 
0.0000 0.6715 0.0000 0.6695 0.0000 0.0000 0.6687 0.6673 0.6676 0.0000 0.6681 0.6685 0.0000 0.6682 0.6701 0.6698 0.6712 0.0000 0.6733 0.0000 
0.0000 0.0000 0.6689 0.0000 0.0000 0.0000 0.0000 0.6667 0.0000 0.0000 0.0000 0.0000 0.6665 0.6665 0.0000 0.6673 0.0000 0.6693 0.0000 0.0000 
0.0000 0.0000 0.0000 0.0000 0.0000 0.0000 0.0000 0.0000 0.0000 0.0000 0.0000 0.0000 0.0000 0.0000 0.6673 0.0000 0.0000 0.0000 0.6696 0.0000 
0.6698 0.0000 0.0000 0.0000 0.0000 0.6667 0.0000 0.0000 0.0000 0.0000 0.6662 0.0000 0.0000 0.0000 0.0000 0.0000 0.0000 0.6676 0.0000 0.6719 
0.0000 0.6682 0.6676 0.0000 0.6670 0.0000 0.8001 0.6671 0.0000 0.6665 0.0000 0.6671 0.6668 0.0000 0.0000 0.0000 0.0000 0.6678 0.6690 0.2541 
0.6701 0.6681 0.0000 0.6673 0.6674 0.8008 0.6662 0.6665 0.6671 0.6671 0.6674 0.8008 0.0000 0.6671 0.6684 0.0000 0.6679 0.0000 0.6692 0.0000 
0.0000 0.0000 0.6678 0.6671 0.0000 0.6678 0.6674 0.6678 0.6671 0.0000 0.8006 0.6665 0.8006 0.6671 0.0000 0.6671 0.0000 0.6678 0.0000 0.0000 
0.0000 0.0000 0.0000 0.6659 0.6662 0.0000 0.0000 0.0000 0.6659 0.6659 0.6662 0.6653 0.6662 0.0000 0.6671 0.0000 0.0000 0.0000 0.0000 0.0000 
0.0000 0.0000 0.6665 0.0000 0.6665 0.6668 0.0000 0.6668 0.0000 0.6662 0.0000 0.6668 0.0000 0.0000 0.0000 0.0000 0.0000 0.0000 0.0000 0.0000 
0.0000 0.0000 0.0000 0.6662 0.6665 0.0000 0.6665 0.0000 0.6662 0.0000 0.0000 0.0000 0.0000 0.0000 0.0000 0.0000 0.0000 0.0000 0.0000 0.6700 
0.2519 0.0000 0.0000 0.0000 0.6662 0.6665 0.0000 0.0000 0.0000 0.0000 0.0000 0.0000 0.0000 0.0000 0.6671 0.0000 0.0000 0.0000 0.6673 0.6685 
0.2525 0.0000 0.0000 0.6665 0.0000 0.6671 0.6668 0.0000 0.0000 0.0000 0.0000 0.6671 0.0000 0.6665 0.0000 0.6665 0.6671 0.0000 0.6682 0.6690 
0.0000 0.0000 0.0000 0.0000 0.6668 0.6671 0.0000 0.6671 0.0000 0.0000 0.6668 0.0000 0.6668 0.6665 0.6678 0.6665 0.0000 0.6674 0.0000 0.6707 
0.0000 0.0000 0.0000 0.0000 0.0000 0.6665 0.6662 0.0000 0.0000 0.0000 0.0000 0.6665 0.6662 0.0000 0.6671 0.6660 0.6670 0.0000 0.0000 0.0000 
0.0000 0.0000 0.6679 0.0000 0.6670 0.6657 0.6665 0.6668 0.0000 0.0000 0.0000 0.0000 0.0000 0.6662 0.6676 0.0000 0.6678 0.0000 0.0000 0.0000 
0.0000 0.6701 0.0000 0.6684 0.8012 0.6670 0.8007 0.0000 0.6671 0.0000 0.0000 0.0000 0.0000 0.0000 0.6676 0.6681 0.0000 0.0000 0.6712 0.6742 
0.2559 0.6711 0.6701 0.6689 0.0000 0.8012 0.6678 0.6678 0.0000 0.0000 0.0000 0.6676 0.0000 0.6674 0.6679 0.6684 0.6698 0.6704 0.6709 0.6738 
0.6754 0.0000 0.6722 0.6707 0.6701 0.6695 0.0000 0.6689 0.6682 0.6681 0.8012 0.0000 0.8016 0.8016 0.6695 0.8026 0.0000 0.6723 0.8054 0.6771 
0.0000 0.6763 0.6747 0.0000 0.6730 0.0000 0.6712 0.7042 0.6689 0.8019 0.7031 0.8597 0.6701 0.6703 0.8049 0.2554 0.6744 0.6752 0.0000 0.6810 
