0.0000 0.0000 0.3068 0.3068 0.0000 0.0000 0.0000 0.3065 0.3072 0.3074 0.3053 0.3063 0.3066 0.3072 0.3072 0.0000 0.3078 0.3072 0.3080 0.0000 
0.0000 0.3070 0.0000 0.3066 0.0000 0.0000 0.3065 0.0000 0.3070 0.0000 0.3072 0.3068 0.0000 0.3072 0.3070 0.3080 0.3080 0.0000 0.3076 0.0000 
0.0000 0.0000 0.3076 0.0000 0.0000 0.0000 0.0000 0.3068 0.0000 0.0000 0.0000 0.3080 0.3074 0.3078 0.0000 0.3078 0.0000 0.3076 0.0000 0.0000 
0.0000 0.0000 0.0000 0.0000 0.0000 0.0000 0.0000 0.0000 0.0000 0.0000 0.3080 0.0000 0.3082 0.0000 0.3070 0.0000 0.0000 0.0000 0.3076 0.0000 
0.3088 0.0000 0.0000 0.0000 0.0000 0.3076 0.0000 0.0000 0.0000 0.0000 0.3088 0.3078 0.0000 0.0000 0.0000 0.0000 0.0000 0.3070 0.0000 0.3086 
0.0000 0.3090 0.3084 0.0000 0.3072 0.0000 0.3076 0.3072 0.0000 0.3086 0.0000 0.3080 0.3084 0.0000 0.0000 0.0000 0.0000 0.3072 0.3074 0.3076 
0.3076 0.3080 0.0000 0.3076 0.3072 0.3074 0.3072 0.0000 0.3076 0.3076 0.3080 0.4703 0.0000 0.3074 0.3068 0.0000 0.3070 0.0000 0.3076 0.0000 
0.0000 0.0000 0.3084 0.3084 0.0000 0.3074 0.0000 0.3080 0.3080 0.0000 0.4710 0.3074 0.4701 0.3072 0.0000 0.3072 0.0000 0.3074 0.0000 0.0000 
0.0000 0.0000 0.0000 0.3086 0.3082 0.0000 0.0000 0.0000 0.3082 0.3088 0.3088 0.3070 0.3076 0.0000 0.3074 0.0000 0.0000 0.0000 0.0000 0.0000 
0.0000 0.0000 0.3090 0.0000 0.3076 0.3078 0.0000 0.3088 0.0000 0.3082 0.0000 0.3076 0.0000 0.0000 0.0000 0.0000 0.0000 0.0000 0.0000 0.0000 
0.0000 0.0000 0.0000 0.3086 0.3084 0.0000 0.3084 0.0000 0.3080 0.0000 0.0000 0.0000 0.0000 0.0000 0.0000 0.0000 0.0000 0.0000 0.0000 0.3090 
0.3088 0.0000 0.0000 0.0000 0.3088 0.3080 0.0000 0.0000 0.0000 0.0000 0.0000 0.0000 0.0000 0.0000 0.3080 0.0000 0.0000 0.0000 0.3086 0.3084 
0.3088 0.0000 0.0000 0.3082 0.0000 0.3080 0.3070 0.0000 0.0000 0.0000 0.0000 0.3070 0.0000 0.3082 0.0000 0.3082 0.3080 0.0000 0.3084 0.3074 
0.0000 0.0000 0.0000 0.0000 0.3076 0.3068 0.0000 0.3074 0.0000 0.0000 0.3068 0.0000 0.3076 0.3070 0.3072 0.3078 0.0000 0.3082 0.0000 0.3082 
0.0000 0.0000 0.0000 0.0000 0.0000 0.3072 0.3068 0.0000 0.0000 0.0000 0.0000 0.3068 0.3074 0.0000 0.3072 0.3076 0.3078 0.0000 0.0000 0.0000 
0.0000 0.0000 0.3080 0.0000 0.3070 0.3059 0.3066 0.3065 0.0000 0.0000 0.0000 0.0000 0.0000 0.3070 0.3068 0.0000 0.3080 0.3078 0.0000 0.0000 
0.0000 0.3074 0.0000 0.3070 0.4687 0.3059 0.4687 0.0000 0.3059 0.0000 0.0000 0.0000 0.0000 0.0000 0.3068 0.3070 0.3074 0.0000 0.4705 0.3074 
0.3076 0.3078 0.3068 0.3068 0.0000 0.4689 0.3061 0.3065 0.0000 0.0000 0.0000 0.3063 0.0000 0.3061 0.3057 0.3065 0.3070 0.4703 0.3068 0.3063 
0.3072 0.0000 0.3068 0.3066 0.3063 0.3059 0.0000 0.3057 0.3059 0.0000 0.4680 0.0000 0.3063 0.4689 0.3059 0.4696 0.0000 0.3070 0.4701 0.3070 
0.0000 0.3066 0.3063 0.0000 0.3061 0.0000 0.3057 0.3059 0.0000 0.4687 0.3055 0.4687 0.3066 0.0000 0.4691 0.3070 0.3072 0.3078 0.0000 0.3078 
