0.3024 0.0000 0.0000 0.4641 0.0000 0.0000 0.3022 0.0000 0.0000 0.0000 0.0000 0.0000 0.0000 0.0000 0.0000 0.3025 0.0000 0.0000 0.3033 0.0000 
0.0000 0.3029 0.3033 0.0000 0.3020 0.3020 0.0000 0.3014 0.0000 0.0000 0.0000 0.0000 0.0000 0.0000 0.3029 0.0000 0.3037 0.0000 0.3024 0.3035 
0.4641 0.0000 0.0000 0.3022 0.0000 0.0000 0.3008 0.0000 0.0000 0.3010 0.0000 0.0000 0.3018 0.0000 0.0000 0.4643 0.0000 0.3033 0.3024 0.3035 
0.0000 0.3025 0.0000 0.0000 0.0000 0.0000 0.3006 0.0000 0.3012 0.3006 0.3014 0.3020 0.0000 0.3025 0.3027 0.3018 0.3020 0.3025 0.3018 0.4652 
0.3012 0.0000 0.0000 0.0000 0.0000 0.3016 0.0000 0.3010 0.3012 0.3003 0.3024 0.0000 0.3020 0.0000 0.3031 0.3024 0.3031 0.0000 0.4639 0.0000 
0.0000 0.0000 0.0000 0.0000 0.0000 0.0000 0.3018 0.0000 0.0000 0.4627 0.0000 0.0000 0.3025 0.0000 0.0000 0.3025 0.0000 0.3033 0.3016 0.3020 
0.3014 0.0000 0.0000 0.3012 0.0000 0.0000 0.0000 0.0000 0.3027 0.3010 0.3025 0.3018 0.3018 0.3029 0.0000 0.0000 0.0000 0.3029 0.3016 0.3022 
0.0000 0.3022 0.3020 0.0000 0.3024 0.0000 0.0000 0.0000 0.3024 0.3018 0.3027 0.3027 0.3014 0.3025 0.0000 0.0000 0.0000 0.0000 0.3016 0.3024 
0.3012 0.0000 0.0000 0.4639 0.0000 0.0000 0.3029 0.0000 0.0000 0.3020 0.0000 0.0000 0.3020 0.0000 0.0000 0.0000 0.0000 0.0000 0.0000 0.0000 
0.0000 0.0000 0.3029 0.0000 0.3039 0.3033 0.0000 0.3039 0.0000 0.3016 0.0000 0.0000 0.3020 0.0000 0.0000 0.0000 0.0000 0.0000 0.0000 0.0000 
0.0000 0.0000 0.0000 0.3027 0.0000 0.0000 0.3029 0.0000 0.3035 0.3016 0.3037 0.3029 0.0000 0.3029 0.0000 0.0000 0.0000 0.0000 0.0000 0.0000 
0.0000 0.0000 0.0000 0.0000 0.0000 0.0000 0.3029 0.0000 0.3039 0.3025 0.3037 0.0000 0.3025 0.0000 0.0000 0.0000 0.0000 0.0000 0.3014 0.0000 
0.0000 0.0000 0.0000 0.3016 0.0000 0.3035 0.3022 0.3033 0.0000 0.3024 0.0000 0.0000 0.3024 0.0000 0.0000 0.3014 0.0000 0.3010 0.0000 0.3014 
0.0000 0.0000 0.3033 0.0000 0.3037 0.3033 0.3025 0.3033 0.0000 0.3024 0.0000 0.3037 0.3024 0.3025 0.3024 0.0000 0.3012 0.0000 0.3008 0.0000 
0.0000 0.0000 0.0000 0.4645 0.0000 0.0000 0.3031 0.0000 0.3033 0.3025 0.3037 0.3033 0.3022 0.3025 0.0000 0.3016 0.0000 0.0000 0.0000 0.0000 
0.0000 0.0000 0.3029 0.0000 0.3035 0.0000 0.0000 0.0000 0.3039 0.4643 0.3033 0.0000 0.3025 0.0000 0.0000 0.0000 0.0000 0.0000 0.0000 0.0000 
0.3016 0.0000 0.0000 0.3022 0.0000 0.0000 0.3033 0.0000 0.3039 0.3020 0.3027 0.0000 0.3025 0.0000 0.0000 0.3029 0.0000 0.0000 0.0000 0.0000 
0.3014 0.3027 0.0000 0.0000 0.0000 0.3035 0.0000 0.3029 0.0000 0.3014 0.0000 0.3027 0.0000 0.3024 0.3029 0.0000 0.3029 0.0000 0.0000 0.3024 
0.3022 0.3031 0.0000 0.3027 0.0000 0.0000 0.3022 0.0000 0.0000 0.0000 0.0000 0.0000 0.3020 0.0000 0.0000 0.3024 0.0000 0.0000 0.3020 0.3031 
0.3027 0.0000 0.3029 0.0000 0.3033 0.0000 0.0000 0.0000 0.0000 0.0000 0.0000 0.0000 0.0000 0.0000 0.0000 0.0000 0.0000 0.3037 0.0000 0.3037 
