0.6835 0.8107 0.0000 0.2604 0.0000 0.0000 0.6765 0.0000 0.0000 0.0000 0.0000 0.0000 0.0000 0.0000 0.0000 0.0000 0.0000 0.7138 0.2636 0.7167 
0.8228 0.8086 0.6776 0.0000 0.6766 0.8059 0.6742 0.6736 0.0000 0.0000 0.0000 0.0000 0.0000 0.0000 0.0000 0.0000 0.6782 0.0000 0.8098 0.2630 
0.8101 0.6763 0.6755 0.6752 0.6734 0.8038 0.8044 0.6726 0.0000 0.6728 0.0000 0.0000 0.0000 0.0000 0.0000 0.6739 0.6763 0.8076 0.6779 0.8101 
0.2616 0.6771 0.6752 0.0000 0.6747 0.6734 0.6746 0.0000 0.6734 0.0000 0.6738 0.0000 0.0000 0.0000 0.6739 0.6726 0.8615 0.8065 0.8067 0.6787 
0.0000 0.6750 0.0000 0.6731 0.0000 0.0000 0.0000 0.0000 0.6722 0.6722 0.6725 0.0000 0.0000 0.0000 0.0000 0.8041 0.8045 0.8059 0.6752 0.6776 
0.0000 0.0000 0.6730 0.0000 0.0000 0.0000 0.0000 0.6722 0.0000 0.8042 0.0000 0.6722 0.0000 0.0000 0.0000 0.6723 0.6730 0.6747 0.0000 0.0000 
0.6754 0.0000 0.6717 0.0000 0.6722 0.0000 0.0000 0.0000 0.6715 0.6715 0.6719 0.0000 0.0000 0.6709 0.0000 0.0000 0.8045 0.6734 0.0000 0.0000 
0.6762 0.8062 0.0000 0.8055 0.0000 0.6738 0.0000 0.0000 0.6741 0.0000 0.6744 0.0000 0.6738 0.0000 0.6741 0.6738 0.6741 0.6744 0.6754 0.2579 
0.6731 0.6728 0.6717 0.6722 0.8042 0.0000 0.0000 0.0000 0.0000 0.6719 0.0000 0.6715 0.6715 0.6712 0.0000 0.0000 0.8046 0.8047 0.0000 0.2565 
0.6763 0.0000 0.6731 0.6725 0.6728 0.6731 0.0000 0.0000 0.6734 0.0000 0.6738 0.6719 0.6719 0.6728 0.6734 0.6731 0.6734 0.6734 0.6741 0.0000 
0.0000 0.0000 0.0000 0.6728 0.6731 0.6722 0.0000 0.6722 0.0000 0.6725 0.0000 0.8039 0.6722 0.6719 0.0000 0.6722 0.6725 0.6738 0.0000 0.0000 
0.0000 0.0000 0.0000 0.6725 0.8044 0.0000 0.8046 0.0000 0.6722 0.0000 0.6725 0.0000 0.6719 0.0000 0.6722 0.0000 0.0000 0.6734 0.0000 0.0000 
0.0000 0.0000 0.6726 0.8037 0.6722 0.8603 0.6725 0.6725 0.0000 0.0000 0.0000 0.6725 0.0000 0.0000 0.6728 0.0000 0.6741 0.0000 0.6736 0.0000 
0.0000 0.0000 0.6726 0.6717 0.8046 0.6722 0.6722 0.8039 0.0000 0.0000 0.6728 0.0000 0.6722 0.6719 0.0000 0.6722 0.0000 0.6741 0.0000 0.0000 
0.0000 0.0000 0.0000 0.6731 0.0000 0.0000 0.8609 0.6709 0.8042 0.6725 0.0000 0.8039 0.0000 0.6719 0.6725 0.0000 0.0000 0.0000 0.0000 0.0000 
0.0000 0.0000 0.0000 0.0000 0.0000 0.6723 0.6722 0.8595 0.6712 0.8042 0.8044 0.0000 0.6722 0.0000 0.0000 0.0000 0.0000 0.0000 0.0000 0.0000 
0.0000 0.0000 0.0000 0.0000 0.0000 0.0000 0.8052 0.6725 0.8044 0.6715 0.6719 0.6725 0.0000 0.0000 0.0000 0.6730 0.0000 0.0000 0.6762 0.0000 
0.0000 0.6766 0.0000 0.0000 0.6742 0.6730 0.0000 0.6725 0.0000 0.6725 0.8044 0.0000 0.0000 0.0000 0.6731 0.0000 0.6757 0.6768 0.0000 0.6791 
0.6815 0.0000 0.6765 0.8068 0.0000 0.6739 0.6747 0.0000 0.0000 0.6731 0.0000 0.6728 0.0000 0.0000 0.0000 0.6749 0.0000 0.6781 0.8083 0.0000 
0.2658 0.6815 0.6791 0.0000 0.8081 0.0000 0.0000 0.0000 0.0000 0.0000 0.6747 0.0000 0.0000 0.0000 0.0000 0.0000 0.6794 0.6791 0.6800 0.6843 
