0.0000 0.3045 0.0000 0.4666 0.0000 0.3045 0.0000 0.0000 0.0000 0.3043 0.0000 0.3037 0.0000 0.0000 0.0000 0.0000 0.0000 0.0000 0.0000 0.0000 
0.3051 0.0000 0.4661 0.0000 0.3043 0.0000 0.0000 0.0000 0.0000 0.0000 0.3035 0.0000 0.0000 0.0000 0.3037 0.0000 0.0000 0.0000 0.3051 0.0000 
0.0000 0.4673 0.0000 0.3045 0.0000 0.0000 0.0000 0.0000 0.0000 0.0000 0.0000 0.0000 0.0000 0.3037 0.0000 0.3041 0.0000 0.3045 0.0000 0.4673 
0.3047 0.0000 0.4659 0.0000 0.0000 0.0000 0.3031 0.0000 0.0000 0.0000 0.3037 0.0000 0.0000 0.0000 0.4661 0.0000 0.0000 0.0000 0.4671 0.0000 
0.0000 0.3045 0.0000 0.3031 0.0000 0.3035 0.0000 0.3041 0.0000 0.3039 0.0000 0.3039 0.0000 0.3045 0.0000 0.3041 0.0000 0.3041 0.0000 0.3045 
0.3039 0.0000 0.4645 0.0000 0.0000 0.0000 0.4657 0.0000 0.3045 0.0000 0.4657 0.0000 0.3045 0.0000 0.3035 0.0000 0.0000 0.0000 0.4659 0.0000 
0.0000 0.4650 0.0000 0.3024 0.0000 0.3031 0.0000 0.4659 0.0000 0.4659 0.0000 0.4661 0.0000 0.3043 0.0000 0.0000 0.0000 0.3041 0.0000 0.4659 
0.3031 0.0000 0.4648 0.0000 0.0000 0.0000 0.4659 0.0000 0.3045 0.0000 0.4666 0.0000 0.4661 0.0000 0.3045 0.0000 0.0000 0.0000 0.3037 0.0000 
0.0000 0.3029 0.0000 0.3027 0.0000 0.3037 0.0000 0.3041 0.0000 0.3043 0.0000 0.4666 0.0000 0.4668 0.0000 0.3043 0.0000 0.0000 0.0000 0.0000 
0.0000 0.0000 0.3027 0.0000 0.3031 0.0000 0.3039 0.0000 0.0000 0.0000 0.3041 0.0000 0.4666 0.0000 0.4671 0.0000 0.3053 0.0000 0.0000 0.0000 
0.0000 0.0000 0.0000 0.3033 0.0000 0.3043 0.0000 0.0000 0.0000 0.0000 0.0000 0.3045 0.0000 0.4675 0.0000 0.4668 0.0000 0.3045 0.0000 0.0000 
0.0000 0.0000 0.0000 0.0000 0.4655 0.0000 0.3041 0.0000 0.0000 0.0000 0.0000 0.0000 0.4668 0.0000 0.3045 0.0000 0.3043 0.0000 0.3041 0.0000 
0.0000 0.0000 0.0000 0.3031 0.0000 0.4664 0.0000 0.3041 0.0000 0.0000 0.0000 0.3053 0.0000 0.3049 0.0000 0.0000 0.0000 0.3047 0.0000 0.3039 
0.0000 0.0000 0.0000 0.0000 0.4659 0.0000 0.3049 0.0000 0.0000 0.0000 0.3049 0.0000 0.4668 0.0000 0.0000 0.0000 0.3035 0.0000 0.3049 0.0000 
0.0000 0.0000 0.0000 0.3045 0.0000 0.3047 0.0000 0.0000 0.0000 0.3051 0.0000 0.4675 0.0000 0.3047 0.0000 0.3045 0.0000 0.3043 0.0000 0.0000 
0.0000 0.0000 0.3041 0.0000 0.4659 0.0000 0.0000 0.0000 0.0000 0.0000 0.4668 0.0000 0.3047 0.0000 0.3049 0.0000 0.4666 0.0000 0.0000 0.0000 
0.0000 0.3039 0.0000 0.4668 0.0000 0.3051 0.0000 0.0000 0.0000 0.3047 0.0000 0.3045 0.0000 0.3041 0.0000 0.4671 0.0000 0.3039 0.0000 0.0000 
0.3041 0.0000 0.4664 0.0000 0.4664 0.0000 0.3057 0.0000 0.3049 0.0000 0.4666 0.0000 0.0000 0.0000 0.3041 0.0000 0.3043 0.0000 0.0000 0.0000 
0.0000 0.4661 0.0000 0.4666 0.0000 0.4668 0.0000 0.4668 0.0000 0.4671 0.0000 0.3037 0.0000 0.0000 0.0000 0.0000 0.0000 0.0000 0.0000 0.3039 
0.3045 0.0000 0.4659 0.0000 0.4671 0.0000 0.3053 0.0000 0.3051 0.0000 0.4659 0.0000 0.0000 0.0000 0.0000 0.0000 0.0000 0.0000 0.0000 0.0000 
