0.0000 0.6706 0.0000 0.8006 0.0000 0.6660 0.0000 0.0000 0.0000 0.6643 0.2488 0.6639 0.0000 0.0000 0.0000 0.0000 0.0000 0.0000 0.0000 0.0000 
0.6701 0.0000 0.8004 0.0000 0.6651 0.0000 0.0000 0.0000 0.0000 0.0000 0.6634 0.0000 0.0000 0.0000 0.6637 0.0000 0.0000 0.0000 0.6676 0.0000 
0.0000 0.8000 0.0000 0.6637 0.0000 0.0000 0.0000 0.0000 0.0000 0.0000 0.0000 0.0000 0.0000 0.6617 0.0000 0.6626 0.0000 0.6643 0.0000 0.7019 
0.6671 0.0000 0.7985 0.0000 0.0000 0.0000 0.0000 0.0000 0.0000 0.0000 0.6625 0.0000 0.0000 0.0000 0.7965 0.0000 0.0000 0.0000 0.7985 0.0000 
0.0000 0.6648 0.0000 0.6622 0.0000 0.0000 0.0000 0.0000 0.0000 0.6616 0.0000 0.6613 0.0000 0.6613 0.0000 0.6616 0.0000 0.6629 0.0000 0.6665 
0.6656 0.0000 0.7975 0.0000 0.0000 0.0000 0.0000 0.0000 0.6606 0.0000 0.7970 0.0000 0.6616 0.0000 0.6616 0.0000 0.0000 0.0000 0.7975 0.0000 
0.0000 0.7981 0.0000 0.6620 0.0000 0.0000 0.0000 0.6619 0.0000 0.7968 0.0000 0.7965 0.0000 0.6619 0.0000 0.0000 0.0000 0.6626 0.0000 0.6988 
0.6648 0.0000 0.7972 0.0000 0.0000 0.0000 0.0000 0.0000 0.6609 0.0000 0.7972 0.0000 0.7965 0.0000 0.6619 0.0000 0.0000 0.0000 0.6626 0.0000 
0.0000 0.6626 0.0000 0.6613 0.0000 0.0000 0.0000 0.0000 0.0000 0.6616 0.0000 0.7961 0.0000 0.7961 0.0000 0.6613 0.6628 0.0000 0.0000 0.0000 
0.0000 0.0000 0.6625 0.0000 0.6622 0.0000 0.0000 0.0000 0.0000 0.0000 0.6628 0.0000 0.7965 0.0000 0.7965 0.6603 0.0000 0.6606 0.0000 0.0000 
0.0000 0.0000 0.0000 0.6613 0.0000 0.6613 0.0000 0.0000 0.0000 0.0000 0.0000 0.6613 0.0000 0.7961 0.0000 0.6613 0.6616 0.0000 0.0000 0.0000 
0.0000 0.0000 0.0000 0.0000 0.7965 0.0000 0.6606 0.0000 0.0000 0.0000 0.0000 0.0000 0.7963 0.0000 0.6616 0.0000 0.0000 0.0000 0.6620 0.0000 
0.0000 0.0000 0.0000 0.6613 0.0000 0.7961 0.0000 0.6613 0.0000 0.0000 0.0000 0.6613 0.0000 0.6613 0.0000 0.0000 0.0000 0.6619 0.0000 0.6646 
0.0000 0.0000 0.0000 0.0000 0.7965 0.0000 0.6606 0.0000 0.0000 0.0000 0.6625 0.0000 0.7963 0.0000 0.0000 0.0000 0.6617 0.0000 0.6626 0.0000 
0.0000 0.0000 0.0000 0.6617 0.0000 0.6613 0.0000 0.0000 0.0000 0.6616 0.0000 0.7961 0.0000 0.6613 0.0000 0.6614 0.0000 0.6623 0.0000 0.0000 
0.0000 0.6631 0.6636 0.0000 0.7969 0.0000 0.0000 0.0000 0.0000 0.0000 0.7970 0.0000 0.6616 0.0000 0.0000 0.0000 0.7968 0.0000 0.0000 0.0000 
0.6689 0.6646 0.6653 0.7976 0.0000 0.6626 0.0000 0.0000 0.0000 0.6625 0.0000 0.6622 0.0000 0.0000 0.0000 0.6628 0.0000 0.6631 0.0000 0.0000 
0.6679 0.6648 0.7990 0.0000 0.7975 0.0000 0.6613 0.0000 0.6608 0.6603 0.7970 0.0000 0.0000 0.0000 0.0000 0.0000 0.6634 0.0000 0.0000 0.0000 
0.0000 0.8013 0.0000 0.7994 0.0000 0.7982 0.0000 0.7975 0.6626 0.7968 0.7983 0.6629 0.0000 0.0000 0.0000 0.0000 0.0000 0.0000 0.0000 0.2540 
0.6733 0.0000 0.7027 0.0000 0.7006 0.0000 0.6645 0.0000 0.6639 0.7974 0.6978 0.6628 0.0000 0.0000 0.0000 0.0000 0.0000 0.0000 0.0000 0.0000 
