0.0000 0.3057 0.0000 0.4677 0.0000 0.3055 0.0000 0.0000 0.0000 0.3053 0.3043 0.3045 0.0000 0.0000 0.0000 0.0000 0.0000 0.0000 0.0000 0.0000 
0.3065 0.0000 0.4673 0.0000 0.3053 0.0000 0.0000 0.0000 0.0000 0.0000 0.3041 0.0000 0.0000 0.0000 0.3041 0.0000 0.0000 0.0000 0.3059 0.0000 
0.0000 0.4687 0.0000 0.3053 0.0000 0.0000 0.0000 0.0000 0.0000 0.0000 0.0000 0.0000 0.0000 0.3039 0.0000 0.3045 0.0000 0.3051 0.0000 0.4682 
0.3061 0.0000 0.4675 0.0000 0.0000 0.0000 0.0000 0.0000 0.0000 0.0000 0.3039 0.0000 0.0000 0.0000 0.4666 0.0000 0.0000 0.0000 0.4682 0.0000 
0.0000 0.3055 0.0000 0.3047 0.0000 0.0000 0.0000 0.0000 0.0000 0.3041 0.0000 0.3043 0.0000 0.3051 0.0000 0.3049 0.0000 0.3049 0.0000 0.3055 
0.3053 0.0000 0.4661 0.0000 0.0000 0.0000 0.3039 0.0000 0.3047 0.0000 0.4661 0.0000 0.3049 0.0000 0.3045 0.0000 0.0000 0.0000 0.4673 0.0000 
0.0000 0.4659 0.0000 0.3033 0.0000 0.3039 0.0000 0.4661 0.0000 0.4655 0.0000 0.4664 0.0000 0.3049 0.0000 0.0000 0.0000 0.3053 0.0000 0.4671 
0.3041 0.0000 0.4652 0.0000 0.0000 0.0000 0.3039 0.0000 0.3045 0.0000 0.4664 0.0000 0.4666 0.0000 0.3055 0.0000 0.0000 0.0000 0.3049 0.0000 
0.0000 0.3035 0.0000 0.3031 0.0000 0.0000 0.0000 0.0000 0.0000 0.3041 0.0000 0.4666 0.0000 0.4677 0.0000 0.3057 0.3057 0.0000 0.0000 0.0000 
0.0000 0.0000 0.3031 0.0000 0.3029 0.0000 0.0000 0.0000 0.0000 0.0000 0.3041 0.0000 0.4661 0.0000 0.4682 0.3061 0.0000 0.3059 0.0000 0.0000 
0.0000 0.0000 0.0000 0.3033 0.0000 0.3039 0.0000 0.0000 0.0000 0.0000 0.0000 0.3051 0.0000 0.4684 0.0000 0.3059 0.3059 0.0000 0.0000 0.0000 
0.0000 0.0000 0.0000 0.0000 0.4657 0.0000 0.3041 0.0000 0.0000 0.0000 0.0000 0.0000 0.4677 0.0000 0.3059 0.0000 0.0000 0.0000 0.3059 0.0000 
0.0000 0.0000 0.0000 0.3043 0.0000 0.4666 0.0000 0.3041 0.0000 0.0000 0.0000 0.3061 0.0000 0.3057 0.0000 0.0000 0.0000 0.3063 0.0000 0.3055 
0.0000 0.0000 0.0000 0.0000 0.4666 0.0000 0.3049 0.0000 0.0000 0.0000 0.3051 0.0000 0.4673 0.0000 0.0000 0.0000 0.3047 0.0000 0.3057 0.0000 
0.0000 0.0000 0.0000 0.3055 0.0000 0.3051 0.0000 0.0000 0.0000 0.3049 0.0000 0.4677 0.0000 0.3055 0.0000 0.3053 0.0000 0.3053 0.0000 0.0000 
0.0000 0.0000 0.3047 0.0000 0.4661 0.0000 0.0000 0.0000 0.0000 0.0000 0.4664 0.0000 0.3045 0.0000 0.3055 0.0000 0.4673 0.0000 0.0000 0.0000 
0.0000 0.3045 0.0000 0.4680 0.0000 0.3057 0.0000 0.0000 0.0000 0.3047 0.0000 0.3041 0.0000 0.3045 0.0000 0.4675 0.0000 0.3047 0.0000 0.0000 
0.3049 0.0000 0.4673 0.0000 0.4673 0.0000 0.3059 0.0000 0.3055 0.0000 0.4661 0.0000 0.0000 0.0000 0.3049 0.0000 0.3051 0.0000 0.0000 0.0000 
0.0000 0.4666 0.0000 0.4675 0.0000 0.4677 0.0000 0.4675 0.0000 0.4675 0.3039 0.3043 0.0000 0.0000 0.0000 0.0000 0.0000 0.0000 0.0000 0.3047 
0.3057 0.0000 0.4668 0.0000 0.4680 0.0000 0.3057 0.0000 0.3057 0.3055 0.4659 0.3043 0.0000 0.0000 0.0000 0.0000 0.0000 0.0000 0.0000 0.0000 
