0.0000 0.0000 0.3010 0.3008 0.0000 0.0000 0.0000 0.3003 0.3014 0.3014 0.0000 0.3004 0.3008 0.3012 0.3012 0.0000 0.3014 0.3012 0.3020 0.0000 
0.0000 0.3012 0.0000 0.3003 0.0000 0.0000 0.3004 0.0000 0.3010 0.0000 0.3012 0.3012 0.0000 0.3010 0.3010 0.3016 0.3018 0.0000 0.3014 0.0000 
0.0000 0.0000 0.3012 0.0000 0.0000 0.0000 0.0000 0.3010 0.0000 0.0000 0.0000 0.3018 0.3014 0.3018 0.0000 0.3016 0.0000 0.3020 0.0000 0.0000 
0.0000 0.0000 0.0000 0.0000 0.0000 0.0000 0.0000 0.0000 0.0000 0.0000 0.3018 0.0000 0.3018 0.0000 0.3014 0.0000 0.0000 0.0000 0.3018 0.0000 
0.3022 0.0000 0.0000 0.0000 0.0000 0.3010 0.0000 0.0000 0.0000 0.0000 0.3024 0.3016 0.0000 0.0000 0.0000 0.3014 0.0000 0.3012 0.0000 0.3025 
0.0000 0.3020 0.3014 0.0000 0.3008 0.0000 0.3012 0.3008 0.0000 0.3016 0.0000 0.3014 0.3016 0.0000 0.3004 0.0000 0.3014 0.3010 0.3012 0.3014 
0.3014 0.3016 0.0000 0.3012 0.3012 0.3012 0.3012 0.0000 0.3014 0.3016 0.3018 0.3014 0.0000 0.3012 0.3004 0.3003 0.3004 0.0000 0.3012 0.0000 
0.0000 0.0000 0.3018 0.3020 0.0000 0.3012 0.3014 0.3020 0.3020 0.0000 0.3016 0.3014 0.3010 0.3010 0.0000 0.3006 0.0000 0.3008 0.0000 0.0000 
0.0000 0.0000 0.0000 0.3022 0.3022 0.3018 0.0000 0.3022 0.3022 0.3024 0.3022 0.0000 0.3012 0.0000 0.3006 0.0000 0.0000 0.0000 0.0000 0.0000 
0.0000 0.0000 0.3025 0.0000 0.3020 0.3022 0.3024 0.3025 0.0000 0.3024 0.0000 0.3016 0.0000 0.0000 0.0000 0.0000 0.0000 0.0000 0.0000 0.0000 
0.0000 0.0000 0.0000 0.3025 0.3025 0.0000 0.3027 0.0000 0.3025 0.0000 0.0000 0.0000 0.0000 0.0000 0.0000 0.0000 0.0000 0.0000 0.0000 0.0000 
0.0000 0.0000 0.0000 0.0000 0.3029 0.3025 0.0000 0.0000 0.0000 0.0000 0.0000 0.0000 0.0000 0.0000 0.3016 0.0000 0.0000 0.0000 0.0000 0.3024 
0.3022 0.0000 0.0000 0.3022 0.0000 0.3024 0.3020 0.0000 0.0000 0.0000 0.0000 0.3014 0.0000 0.3016 0.0000 0.3016 0.3012 0.0000 0.3022 0.0000 
0.0000 0.0000 0.0000 0.0000 0.3018 0.3016 0.0000 0.3020 0.0000 0.0000 0.3016 0.0000 0.3014 0.3010 0.3012 0.3018 0.0000 0.3020 0.0000 0.3022 
0.0000 0.0000 0.0000 0.0000 0.0000 0.3016 0.3012 0.0000 0.0000 0.0000 0.0000 0.3010 0.3014 0.0000 0.3014 0.3018 0.3018 0.0000 0.0000 0.0000 
0.0000 0.0000 0.3018 0.0000 0.3012 0.0000 0.3012 0.3008 0.0000 0.0000 0.0000 0.0000 0.0000 0.3010 0.3010 0.0000 0.3018 0.3016 0.0000 0.0000 
0.0000 0.3016 0.0000 0.3010 0.3008 0.3008 0.3004 0.0000 0.3006 0.0000 0.0000 0.0000 0.0000 0.0000 0.3010 0.3010 0.3012 0.0000 0.3018 0.3018 
0.3018 0.3020 0.3010 0.3012 0.0000 0.3006 0.3004 0.3006 0.0000 0.0000 0.0000 0.3006 0.0000 0.3004 0.0000 0.3006 0.3010 0.3014 0.3012 0.0000 
0.3014 0.0000 0.3010 0.3012 0.3003 0.3003 0.0000 0.2999 0.3003 0.0000 0.3003 0.0000 0.3004 0.3004 0.3004 0.3008 0.0000 0.3010 0.3016 0.3012 
0.0000 0.3008 0.3006 0.0000 0.3003 0.0000 0.3001 0.3003 0.0000 0.3006 0.3003 0.3003 0.3010 0.0000 0.3006 0.3004 0.3010 0.3014 0.0000 0.3016 
