0.0000 0.0000 0.3065 0.3063 0.0000 0.0000 0.0000 0.3063 0.3076 0.3076 0.0000 0.3065 0.3068 0.3072 0.3068 0.0000 0.3070 0.3065 0.3066 0.0000 
0.0000 0.3068 0.0000 0.3065 0.0000 0.0000 0.3066 0.0000 0.3076 0.0000 0.3076 0.3074 0.0000 0.3072 0.3070 0.3078 0.3078 0.0000 0.3072 0.0000 
0.0000 0.0000 0.3074 0.0000 0.0000 0.0000 0.0000 0.3078 0.0000 0.0000 0.0000 0.3084 0.3078 0.3082 0.0000 0.3078 0.0000 0.3074 0.0000 0.0000 
0.0000 0.0000 0.0000 0.0000 0.0000 0.0000 0.0000 0.0000 0.0000 0.0000 0.3084 0.0000 0.3084 0.0000 0.3076 0.0000 0.0000 0.0000 0.3078 0.0000 
0.3082 0.0000 0.0000 0.0000 0.0000 0.3076 0.0000 0.0000 0.0000 0.0000 0.3090 0.3082 0.0000 0.0000 0.0000 0.0000 0.0000 0.3074 0.0000 0.3082 
0.0000 0.3082 0.3076 0.0000 0.3074 0.0000 0.3078 0.3076 0.0000 0.3088 0.0000 0.3082 0.3086 0.0000 0.0000 0.0000 0.0000 0.3074 0.3078 0.3076 
0.3076 0.3076 0.0000 0.3072 0.3072 0.3076 0.3076 0.0000 0.3084 0.3082 0.3084 0.3078 0.0000 0.3078 0.3068 0.0000 0.3066 0.0000 0.3074 0.0000 
0.0000 0.0000 0.3076 0.3078 0.0000 0.3070 0.3072 0.3076 0.3084 0.0000 0.3080 0.3074 0.3072 0.3072 0.0000 0.3070 0.0000 0.3063 0.0000 0.0000 
0.0000 0.0000 0.0000 0.3084 0.3080 0.3074 0.0000 0.3080 0.3080 0.3088 0.3088 0.0000 0.3076 0.0000 0.3074 0.0000 0.0000 0.0000 0.0000 0.0000 
0.0000 0.0000 0.3086 0.0000 0.3078 0.3080 0.3080 0.3084 0.0000 0.3082 0.0000 0.3078 0.0000 0.0000 0.0000 0.0000 0.0000 0.0000 0.0000 0.0000 
0.0000 0.0000 0.0000 0.3090 0.3086 0.0000 0.3086 0.0000 0.3080 0.0000 0.0000 0.0000 0.0000 0.0000 0.0000 0.0000 0.0000 0.0000 0.0000 0.3082 
0.3088 0.0000 0.0000 0.0000 0.3090 0.3084 0.0000 0.0000 0.0000 0.0000 0.0000 0.0000 0.0000 0.0000 0.3078 0.0000 0.0000 0.0000 0.3082 0.3082 
0.3084 0.0000 0.0000 0.3086 0.0000 0.3086 0.3082 0.0000 0.0000 0.0000 0.0000 0.3070 0.0000 0.3078 0.0000 0.3082 0.3076 0.0000 0.3082 0.3070 
0.0000 0.0000 0.0000 0.0000 0.3084 0.3076 0.0000 0.3082 0.0000 0.0000 0.3072 0.0000 0.3074 0.3070 0.3072 0.3080 0.0000 0.3080 0.0000 0.3078 
0.0000 0.0000 0.0000 0.0000 0.0000 0.3080 0.3076 0.0000 0.0000 0.0000 0.0000 0.3066 0.3074 0.0000 0.3070 0.3076 0.3076 0.0000 0.0000 0.0000 
0.0000 0.0000 0.3080 0.0000 0.3076 0.0000 0.3074 0.3072 0.0000 0.0000 0.0000 0.0000 0.0000 0.3070 0.3068 0.0000 0.3076 0.3076 0.0000 0.0000 
0.0000 0.3076 0.0000 0.3068 0.3066 0.3061 0.3063 0.0000 0.3066 0.0000 0.0000 0.0000 0.0000 0.0000 0.3068 0.3068 0.3070 0.0000 0.3074 0.3068 
0.3076 0.3076 0.3066 0.3070 0.0000 0.3065 0.3063 0.3066 0.0000 0.0000 0.0000 0.3066 0.0000 0.3063 0.0000 0.3061 0.3066 0.3066 0.3063 0.0000 
0.3068 0.0000 0.3066 0.3070 0.3065 0.3061 0.0000 0.3059 0.3059 0.0000 0.3057 0.0000 0.3066 0.3065 0.3059 0.3063 0.0000 0.3061 0.3065 0.3063 
0.0000 0.3066 0.3063 0.0000 0.3063 0.0000 0.3057 0.3059 0.0000 0.3065 0.3059 0.3063 0.3070 0.0000 0.3061 0.3066 0.3065 0.3066 0.0000 0.3070 
