0.3148 0.3146 0.0000 0.3131 0.0000 0.0000 0.3119 0.0000 0.0000 0.0000 0.0000 0.0000 0.0000 0.0000 0.0000 0.0000 0.0000 0.4781 0.3148 0.3154 
0.4786 0.4779 0.3139 0.0000 0.3117 0.4750 0.3107 0.3117 0.0000 0.0000 0.0000 0.0000 0.0000 0.0000 0.0000 0.0000 0.3129 0.0000 0.4783 0.3146 
0.4788 0.3142 0.3137 0.3127 0.3107 0.4736 0.4733 0.3105 0.0000 0.3107 0.0000 0.0000 0.0000 0.0000 0.0000 0.3135 0.3135 0.4779 0.3148 0.4788 
0.3139 0.3135 0.3135 0.0000 0.3115 0.3111 0.3105 0.0000 0.3109 0.0000 0.3115 0.0000 0.0000 0.0000 0.3131 0.3125 0.5769 0.4769 0.4776 0.3137 
0.0000 0.3137 0.0000 0.3129 0.0000 0.0000 0.0000 0.0000 0.3109 0.3111 0.3131 0.0000 0.0000 0.0000 0.0000 0.4783 0.4774 0.4771 0.3144 0.3146 
0.0000 0.0000 0.3135 0.0000 0.0000 0.0000 0.0000 0.3105 0.0000 0.4745 0.0000 0.3137 0.0000 0.0000 0.0000 0.3148 0.3142 0.3139 0.0000 0.0000 
0.3131 0.0000 0.3133 0.0000 0.3115 0.0000 0.0000 0.0000 0.3117 0.3121 0.3131 0.0000 0.0000 0.3154 0.0000 0.0000 0.4786 0.3139 0.0000 0.0000 
0.3121 0.4757 0.0000 0.4750 0.0000 0.3121 0.0000 0.0000 0.3111 0.0000 0.3127 0.0000 0.3137 0.0000 0.3148 0.3150 0.3131 0.3129 0.3135 0.3127 
0.3121 0.3129 0.3129 0.3115 0.4752 0.0000 0.0000 0.0000 0.0000 0.3123 0.0000 0.3139 0.3146 0.3156 0.0000 0.0000 0.4774 0.4767 0.0000 0.3129 
0.3123 0.0000 0.3119 0.3117 0.3121 0.3123 0.0000 0.0000 0.3123 0.0000 0.3131 0.3131 0.3133 0.3144 0.3148 0.3144 0.3127 0.3125 0.3127 0.0000 
0.0000 0.0000 0.0000 0.3131 0.3125 0.3127 0.0000 0.3133 0.0000 0.3142 0.0000 0.4783 0.3142 0.3146 0.0000 0.3137 0.3129 0.3125 0.0000 0.0000 
0.0000 0.0000 0.0000 0.3125 0.4767 0.0000 0.4762 0.0000 0.3137 0.0000 0.3150 0.0000 0.3148 0.0000 0.3142 0.0000 0.0000 0.3125 0.0000 0.0000 
0.0000 0.0000 0.3127 0.4752 0.3121 0.5779 0.3129 0.3137 0.0000 0.0000 0.0000 0.3150 0.0000 0.0000 0.3133 0.0000 0.3117 0.0000 0.3113 0.0000 
0.0000 0.0000 0.3133 0.3129 0.4771 0.3139 0.3142 0.4783 0.0000 0.0000 0.3152 0.0000 0.3160 0.3150 0.0000 0.3129 0.0000 0.3105 0.0000 0.0000 
0.0000 0.0000 0.0000 0.3129 0.0000 0.0000 0.5786 0.3139 0.4786 0.3150 0.0000 0.4796 0.0000 0.3144 0.3129 0.0000 0.0000 0.0000 0.0000 0.0000 
0.0000 0.0000 0.0000 0.0000 0.0000 0.3139 0.3139 0.5800 0.3142 0.4791 0.4786 0.0000 0.3148 0.0000 0.0000 0.0000 0.0000 0.0000 0.0000 0.0000 
0.0000 0.0000 0.0000 0.0000 0.0000 0.0000 0.4776 0.3148 0.4788 0.3146 0.3135 0.3142 0.0000 0.0000 0.0000 0.3121 0.0000 0.0000 0.3121 0.0000 
0.0000 0.3125 0.0000 0.0000 0.3139 0.3148 0.0000 0.3144 0.0000 0.3142 0.4783 0.0000 0.0000 0.0000 0.3137 0.0000 0.3133 0.3121 0.0000 0.3127 
0.3129 0.0000 0.3131 0.4769 0.0000 0.3125 0.3121 0.0000 0.0000 0.3123 0.0000 0.3123 0.0000 0.0000 0.0000 0.3127 0.0000 0.3133 0.4767 0.0000 
0.0000 0.3133 0.3131 0.0000 0.4771 0.0000 0.0000 0.0000 0.0000 0.0000 0.3119 0.0000 0.0000 0.0000 0.0000 0.0000 0.3129 0.3127 0.3135 0.3146 
